<?xml version="1.0" encoding="UTF-8"?>
<coverage generated="1601461194570" clover="3.2.0">
  <project timestamp="1601461194571" name="All files">
    <metrics statements="148" coveredstatements="140" conditionals="112" coveredconditionals="91" methods="39" coveredmethods="36" elements="299" coveredelements="267" complexity="0" loc="148" ncloc="148" packages="1" files="2" classes="2"/>
    <file name="Plugin.js" path="/Users/libowen/Desktop/Code/gitlab.prod.dtstack.cn/dt-insight-front/infrastructure/babel-plugin-treasure/src/Plugin.js">
      <metrics statements="126" coveredstatements="121" conditionals="105" coveredconditionals="88" methods="32" coveredmethods="30"/>
      <line num="5" count="82" type="cond" truecount="2" falsecount="0"/>
      <line num="6" count="1" type="stmt"/>
      <line num="7" count="1" type="cond" truecount="1" falsecount="1"/>
      <line num="11" count="81" type="stmt"/>
      <line num="15" count="43" type="stmt"/>
      <line num="19" count="40" type="cond" truecount="3" falsecount="1"/>
      <line num="20" count="0" type="cond" truecount="0" falsecount="2"/>
      <line num="24" count="40" type="stmt"/>
      <line num="25" count="40" type="stmt"/>
      <line num="43" count="41" type="stmt"/>
      <line num="44" count="41" type="cond" truecount="2" falsecount="0"/>
      <line num="45" count="41" type="cond" truecount="2" falsecount="0"/>
      <line num="46" count="41" type="stmt"/>
      <line num="47" count="41" type="stmt"/>
      <line num="49" count="41" type="stmt"/>
      <line num="51" count="41" type="stmt"/>
      <line num="52" count="41" type="stmt"/>
      <line num="53" count="41" type="stmt"/>
      <line num="54" count="41" type="cond" truecount="2" falsecount="0"/>
      <line num="55" count="41" type="stmt"/>
      <line num="56" count="41" type="stmt"/>
      <line num="60" count="883" type="cond" truecount="2" falsecount="0"/>
      <line num="62" count="41" type="stmt"/>
      <line num="64" count="883" type="stmt"/>
      <line num="68" count="41" type="stmt"/>
      <line num="69" count="41" type="stmt"/>
      <line num="70" count="41" type="stmt"/>
      <line num="71" count="41" type="stmt"/>
      <line num="72" count="41" type="stmt"/>
      <line num="86" count="41" type="cond" truecount="2" falsecount="0"/>
      <line num="94" count="104" type="stmt"/>
      <line num="97" count="104" type="cond" truecount="1" falsecount="1"/>
      <line num="101" count="104" type="stmt"/>
      <line num="102" count="104" type="stmt"/>
      <line num="103" count="104" type="stmt"/>
      <line num="105" count="104" type="cond" truecount="2" falsecount="0"/>
      <line num="106" count="38" type="stmt"/>
      <line num="107" count="41" type="cond" truecount="2" falsecount="0"/>
      <line num="108" count="40" type="stmt"/>
      <line num="110" count="1" type="stmt"/>
      <line num="113" count="38" type="stmt"/>
      <line num="118" count="199" type="stmt"/>
      <line num="119" count="199" type="cond" truecount="1" falsecount="1"/>
      <line num="120" count="199" type="stmt"/>
      <line num="121" count="199" type="stmt"/>
      <line num="122" count="199" type="stmt"/>
      <line num="123" count="199" type="cond" truecount="2" falsecount="0"/>
      <line num="125" count="124" type="cond" truecount="2" falsecount="0"/>
      <line num="126" count="8" type="stmt"/>
      <line num="129" count="199" type="stmt"/>
      <line num="130" count="283" type="stmt"/>
      <line num="131" count="283" type="cond" truecount="2" falsecount="0"/>
      <line num="136" count="15" type="stmt"/>
      <line num="138" count="268" type="stmt"/>
      <line num="144" count="58" type="cond" truecount="2" falsecount="0"/>
      <line num="154" count="41" type="stmt"/>
      <line num="155" count="41" type="cond" truecount="2" falsecount="0"/>
      <line num="166" count="41" type="stmt"/>
      <line num="174" count="41" type="cond" truecount="2" falsecount="0"/>
      <line num="182" count="41" type="stmt"/>
      <line num="189" count="41" type="cond" truecount="2" falsecount="0"/>
      <line num="190" count="1" type="stmt"/>
      <line num="191" count="1" type="stmt"/>
      <line num="192" count="40" type="cond" truecount="2" falsecount="0"/>
      <line num="193" count="1" type="stmt"/>
      <line num="196" count="1" type="stmt"/>
      <line num="197" count="39" type="cond" truecount="2" falsecount="0"/>
      <line num="198" count="4" type="stmt"/>
      <line num="199" count="35" type="cond" truecount="1" falsecount="1"/>
      <line num="200" count="0" type="stmt"/>
      <line num="201" count="35" type="cond" truecount="2" falsecount="0"/>
      <line num="202" count="3" type="stmt"/>
      <line num="203" count="3" type="cond" truecount="2" falsecount="0"/>
      <line num="204" count="2" type="stmt"/>
      <line num="208" count="58" type="stmt"/>
      <line num="212" count="51" type="stmt"/>
      <line num="213" count="51" type="stmt"/>
      <line num="220" count="190" type="stmt"/>
      <line num="221" count="190" type="cond" truecount="1" falsecount="1"/>
      <line num="222" count="190" type="stmt"/>
      <line num="223" count="190" type="cond" truecount="2" falsecount="0"/>
      <line num="225" count="189" type="cond" truecount="2" falsecount="0"/>
      <line num="226" count="1" type="stmt"/>
      <line num="227" count="188" type="cond" truecount="4" falsecount="0"/>
      <line num="228" count="8" type="stmt"/>
      <line num="234" count="8" type="cond" truecount="2" falsecount="0"/>
      <line num="236" count="4" type="stmt"/>
      <line num="237" count="4" type="cond" truecount="1" falsecount="1"/>
      <line num="238" count="4" type="stmt"/>
      <line num="249" count="1" type="stmt"/>
      <line num="250" count="1" type="stmt"/>
      <line num="255" count="37" type="stmt"/>
      <line num="256" count="37" type="stmt"/>
      <line num="260" count="54" type="stmt"/>
      <line num="261" count="54" type="stmt"/>
      <line num="265" count="16" type="stmt"/>
      <line num="266" count="16" type="stmt"/>
      <line num="267" count="16" type="stmt"/>
      <line num="271" count="6" type="stmt"/>
      <line num="272" count="6" type="stmt"/>
      <line num="276" count="79" type="stmt"/>
      <line num="277" count="79" type="stmt"/>
      <line num="281" count="0" type="stmt"/>
      <line num="282" count="0" type="stmt"/>
      <line num="283" count="0" type="stmt"/>
      <line num="287" count="1" type="stmt"/>
      <line num="288" count="1" type="stmt"/>
      <line num="292" count="53" type="stmt"/>
      <line num="293" count="53" type="stmt"/>
      <line num="294" count="53" type="cond" truecount="2" falsecount="0"/>
      <line num="295" count="5" type="stmt"/>
      <line num="300" count="1" type="stmt"/>
      <line num="301" count="1" type="stmt"/>
      <line num="305" count="38" type="stmt"/>
      <line num="306" count="38" type="stmt"/>
      <line num="310" count="1" type="stmt"/>
      <line num="311" count="1" type="stmt"/>
      <line num="315" count="2" type="stmt"/>
      <line num="316" count="2" type="stmt"/>
      <line num="321" count="308" type="cond" truecount="1" falsecount="1"/>
      <line num="322" count="308" type="stmt"/>
      <line num="323" count="308" type="stmt"/>
      <line num="325" count="308" type="stmt"/>
      <line num="326" count="443" type="cond" truecount="2" falsecount="0"/>
      <line num="327" count="164" type="cond" truecount="2" falsecount="0"/>
      <line num="332" count="30" type="stmt"/>
    </file>
    <file name="index.js" path="/Users/libowen/Desktop/Code/gitlab.prod.dtstack.cn/dt-insight-front/infrastructure/babel-plugin-treasure/src/index.js">
      <metrics statements="22" coveredstatements="19" conditionals="7" coveredconditionals="3" methods="7" coveredmethods="6"/>
      <line num="5" count="41" type="stmt"/>
      <line num="11" count="41" type="stmt"/>
      <line num="12" count="39" type="stmt"/>
      <line num="20" count="915" type="stmt"/>
      <line num="21" count="915" type="cond" truecount="1" falsecount="1"/>
      <line num="22" count="915" type="stmt"/>
      <line num="31" count="41" type="stmt"/>
      <line num="33" count="41" type="cond" truecount="1" falsecount="1"/>
      <line num="34" count="41" type="cond" truecount="1" falsecount="1"/>
      <line num="35" count="0" type="stmt"/>
      <line num="51" count="0" type="stmt"/>
      <line num="52" count="0" type="stmt"/>
      <line num="69" count="41" type="stmt"/>
      <line num="70" count="41" type="stmt"/>
      <line num="87" count="41" type="stmt"/>
      <line num="91" count="41" type="stmt"/>
      <line num="95" count="41" type="stmt"/>
      <line num="115" count="41" type="stmt"/>
      <line num="119" count="41" type="stmt"/>
      <line num="120" count="697" type="stmt"/>
      <line num="122" count="833" type="stmt"/>
      <line num="126" count="41" type="stmt"/>
    </file>
  </project>
</coverage>
