{"/Users/libowen/Desktop/Code/gitlab.prod.dtstack.cn/dt-insight-front/infrastructure/babel-plugin-treasure/src/Plugin.js": {"path":"/Users/libowen/Desktop/Code/gitlab.prod.dtstack.cn/dt-insight-front/infrastructure/babel-plugin-treasure/src/Plugin.js","statementMap":{"0":{"start":{"line":5,"column":2},"end":{"line":10,"column":3}},"1":{"start":{"line":6,"column":31},"end":{"line":6,"column":56}},"2":{"start":{"line":7,"column":4},"end":{"line":9,"column":35}},"3":{"start":{"line":11,"column":2},"end":{"line":11,"column":26}},"4":{"start":{"line":15,"column":2},"end":{"line":15,"column":35}},"5":{"start":{"line":19,"column":2},"end":{"line":23,"column":3}},"6":{"start":{"line":20,"column":4},"end":{"line":22,"column":47}},"7":{"start":{"line":24,"column":14},"end":{"line":24,"column":52}},"8":{"start":{"line":25,"column":2},"end":{"line":25,"column":72}},"9":{"start":{"line":25,"column":40},"end":{"line":25,"column":70}},"10":{"start":{"line":43,"column":4},"end":{"line":43,"column":35}},"11":{"start":{"line":44,"column":4},"end":{"line":44,"column":95}},"12":{"start":{"line":45,"column":4},"end":{"line":45,"column":32}},"13":{"start":{"line":46,"column":4},"end":{"line":46,"column":55}},"14":{"start":{"line":47,"column":4},"end":{"line":48,"column":86}},"15":{"start":{"line":49,"column":4},"end":{"line":50,"column":88}},"16":{"start":{"line":51,"column":4},"end":{"line":51,"column":54}},"17":{"start":{"line":52,"column":4},"end":{"line":52,"column":64}},"18":{"start":{"line":53,"column":4},"end":{"line":53,"column":69}},"19":{"start":{"line":54,"column":4},"end":{"line":54,"column":35}},"20":{"start":{"line":55,"column":4},"end":{"line":55,"column":23}},"21":{"start":{"line":56,"column":4},"end":{"line":56,"column":54}},"22":{"start":{"line":60,"column":4},"end":{"line":63,"column":5}},"23":{"start":{"line":62,"column":6},"end":{"line":62,"column":38}},"24":{"start":{"line":64,"column":4},"end":{"line":64,"column":38}},"25":{"start":{"line":68,"column":24},"end":{"line":68,"column":50}},"26":{"start":{"line":69,"column":4},"end":{"line":69,"column":48}},"27":{"start":{"line":70,"column":4},"end":{"line":70,"column":50}},"28":{"start":{"line":71,"column":4},"end":{"line":71,"column":54}},"29":{"start":{"line":72,"column":4},"end":{"line":72,"column":35}},"30":{"start":{"line":86,"column":4},"end":{"line":86,"column":84}},"31":{"start":{"line":86,"column":58},"end":{"line":86,"column":82}},"32":{"start":{"line":94,"column":21},"end":{"line":94,"column":25}},"33":{"start":{"line":97,"column":4},"end":{"line":97,"column":22}},"34":{"start":{"line":97,"column":15},"end":{"line":97,"column":22}},"35":{"start":{"line":101,"column":8},"end":{"line":101,"column":12}},"36":{"start":{"line":102,"column":35},"end":{"line":102,"column":39}},"37":{"start":{"line":103,"column":24},"end":{"line":103,"column":50}},"38":{"start":{"line":105,"column":4},"end":{"line":114,"column":5}},"39":{"start":{"line":106,"column":6},"end":{"line":112,"column":9}},"40":{"start":{"line":107,"column":8},"end":{"line":111,"column":9}},"41":{"start":{"line":108,"column":10},"end":{"line":108,"column":70}},"42":{"start":{"line":110,"column":10},"end":{"line":110,"column":58}},"43":{"start":{"line":113,"column":6},"end":{"line":113,"column":43}},"44":{"start":{"line":118,"column":21},"end":{"line":118,"column":25}},"45":{"start":{"line":119,"column":17},"end":{"line":119,"column":47}},"46":{"start":{"line":120,"column":21},"end":{"line":120,"column":32}},"47":{"start":{"line":121,"column":22},"end":{"line":121,"column":26}},"48":{"start":{"line":122,"column":24},"end":{"line":122,"column":50}},"49":{"start":{"line":123,"column":4},"end":{"line":128,"column":5}},"50":{"start":{"line":125,"column":6},"end":{"line":127,"column":7}},"51":{"start":{"line":126,"column":8},"end":{"line":126,"column":88}},"52":{"start":{"line":129,"column":4},"end":{"line":139,"column":7}},"53":{"start":{"line":130,"column":32},"end":{"line":130,"column":35}},"54":{"start":{"line":131,"column":6},"end":{"line":137,"column":7}},"55":{"start":{"line":136,"column":8},"end":{"line":136,"column":84}},"56":{"start":{"line":138,"column":6},"end":{"line":138,"column":17}},"57":{"start":{"line":144,"column":4},"end":{"line":203,"column":5}},"58":{"start":{"line":154,"column":10},"end":{"line":154,"column":14}},"59":{"start":{"line":155,"column":36},"end":{"line":161,"column":20}},"60":{"start":{"line":166,"column":19},"end":{"line":173,"column":7}},"61":{"start":{"line":174,"column":6},"end":{"line":174,"column":41}},"62":{"start":{"line":178,"column":6},"end":{"line":183,"column":66}},"63":{"start":{"line":185,"column":6},"end":{"line":202,"column":7}},"64":{"start":{"line":186,"column":26},"end":{"line":186,"column":78}},"65":{"start":{"line":187,"column":8},"end":{"line":187,"column":49}},"66":{"start":{"line":188,"column":13},"end":{"line":202,"column":7}},"67":{"start":{"line":189,"column":26},"end":{"line":191,"column":9}},"68":{"start":{"line":192,"column":8},"end":{"line":192,"column":49}},"69":{"start":{"line":193,"column":13},"end":{"line":202,"column":7}},"70":{"start":{"line":194,"column":8},"end":{"line":194,"column":50}},"71":{"start":{"line":195,"column":13},"end":{"line":202,"column":7}},"72":{"start":{"line":196,"column":8},"end":{"line":196,"column":54}},"73":{"start":{"line":197,"column":13},"end":{"line":202,"column":7}},"74":{"start":{"line":198,"column":26},"end":{"line":198,"column":43}},"75":{"start":{"line":199,"column":8},"end":{"line":201,"column":9}},"76":{"start":{"line":200,"column":10},"end":{"line":200,"column":46}},"77":{"start":{"line":204,"column":4},"end":{"line":204,"column":58}},"78":{"start":{"line":208,"column":21},"end":{"line":208,"column":25}},"79":{"start":{"line":209,"column":4},"end":{"line":209,"column":62}},"80":{"start":{"line":216,"column":21},"end":{"line":216,"column":25}},"81":{"start":{"line":217,"column":17},"end":{"line":217,"column":47}},"82":{"start":{"line":218,"column":24},"end":{"line":218,"column":50}},"83":{"start":{"line":219,"column":4},"end":{"line":219,"column":36}},"84":{"start":{"line":219,"column":29},"end":{"line":219,"column":36}},"85":{"start":{"line":221,"column":4},"end":{"line":241,"column":5}},"86":{"start":{"line":222,"column":6},"end":{"line":222,"column":81}},"87":{"start":{"line":223,"column":11},"end":{"line":241,"column":5}},"88":{"start":{"line":224,"column":24},"end":{"line":224,"column":63}},"89":{"start":{"line":230,"column":6},"end":{"line":240,"column":7}},"90":{"start":{"line":232,"column":26},"end":{"line":232,"column":65}},"91":{"start":{"line":233,"column":8},"end":{"line":239,"column":9}},"92":{"start":{"line":234,"column":10},"end":{"line":238,"column":12}},"93":{"start":{"line":245,"column":21},"end":{"line":245,"column":25}},"94":{"start":{"line":246,"column":4},"end":{"line":246,"column":67}},"95":{"start":{"line":251,"column":21},"end":{"line":251,"column":25}},"96":{"start":{"line":252,"column":4},"end":{"line":252,"column":88}},"97":{"start":{"line":256,"column":21},"end":{"line":256,"column":25}},"98":{"start":{"line":257,"column":4},"end":{"line":257,"column":65}},"99":{"start":{"line":261,"column":21},"end":{"line":261,"column":25}},"100":{"start":{"line":262,"column":4},"end":{"line":262,"column":61}},"101":{"start":{"line":263,"column":4},"end":{"line":263,"column":75}},"102":{"start":{"line":267,"column":21},"end":{"line":267,"column":25}},"103":{"start":{"line":268,"column":4},"end":{"line":268,"column":70}},"104":{"start":{"line":272,"column":21},"end":{"line":272,"column":25}},"105":{"start":{"line":273,"column":4},"end":{"line":273,"column":61}},"106":{"start":{"line":277,"column":21},"end":{"line":277,"column":25}},"107":{"start":{"line":278,"column":18},"end":{"line":278,"column":57}},"108":{"start":{"line":278,"column":51},"end":{"line":278,"column":56}},"109":{"start":{"line":279,"column":4},"end":{"line":279,"column":67}},"110":{"start":{"line":283,"column":21},"end":{"line":283,"column":25}},"111":{"start":{"line":284,"column":4},"end":{"line":284,"column":76}},"112":{"start":{"line":288,"column":21},"end":{"line":288,"column":25}},"113":{"start":{"line":289,"column":22},"end":{"line":289,"column":26}},"114":{"start":{"line":290,"column":4},"end":{"line":292,"column":5}},"115":{"start":{"line":291,"column":6},"end":{"line":291,"column":75}},"116":{"start":{"line":296,"column":21},"end":{"line":296,"column":25}},"117":{"start":{"line":297,"column":4},"end":{"line":297,"column":68}},"118":{"start":{"line":301,"column":21},"end":{"line":301,"column":25}},"119":{"start":{"line":302,"column":4},"end":{"line":302,"column":70}},"120":{"start":{"line":306,"column":21},"end":{"line":306,"column":25}},"121":{"start":{"line":307,"column":4},"end":{"line":307,"column":69}},"122":{"start":{"line":311,"column":21},"end":{"line":311,"column":25}},"123":{"start":{"line":312,"column":4},"end":{"line":312,"column":61}},"124":{"start":{"line":317,"column":17},"end":{"line":317,"column":47}},"125":{"start":{"line":318,"column":22},"end":{"line":318,"column":26}},"126":{"start":{"line":319,"column":24},"end":{"line":319,"column":50}},"127":{"start":{"line":321,"column":4},"end":{"line":330,"column":7}},"128":{"start":{"line":322,"column":6},"end":{"line":322,"column":50}},"129":{"start":{"line":322,"column":43},"end":{"line":322,"column":50}},"130":{"start":{"line":323,"column":6},"end":{"line":329,"column":7}},"131":{"start":{"line":328,"column":8},"end":{"line":328,"column":98}}},"fnMap":{"0":{"name":"normalizeCustomName","decl":{"start":{"line":4,"column":9},"end":{"line":4,"column":28}},"loc":{"start":{"line":4,"column":47},"end":{"line":12,"column":1}},"line":4},"1":{"name":"winPath","decl":{"start":{"line":14,"column":9},"end":{"line":14,"column":16}},"loc":{"start":{"line":14,"column":23},"end":{"line":16,"column":1}},"line":14},"2":{"name":"transCamel","decl":{"start":{"line":18,"column":9},"end":{"line":18,"column":19}},"loc":{"start":{"line":18,"column":34},"end":{"line":26,"column":1}},"line":18},"3":{"name":"(anonymous_3)","decl":{"start":{"line":25,"column":34},"end":{"line":25,"column":35}},"loc":{"start":{"line":25,"column":40},"end":{"line":25,"column":70}},"line":25},"4":{"name":"(anonymous_4)","decl":{"start":{"line":29,"column":2},"end":{"line":29,"column":3}},"loc":{"start":{"line":42,"column":4},"end":{"line":57,"column":3}},"line":42},"5":{"name":"(anonymous_5)","decl":{"start":{"line":59,"column":2},"end":{"line":59,"column":3}},"loc":{"start":{"line":59,"column":24},"end":{"line":65,"column":3}},"line":59},"6":{"name":"(anonymous_6)","decl":{"start":{"line":67,"column":2},"end":{"line":67,"column":3}},"loc":{"start":{"line":67,"column":25},"end":{"line":83,"column":3}},"line":67},"7":{"name":"(anonymous_7)","decl":{"start":{"line":85,"column":2},"end":{"line":85,"column":3}},"loc":{"start":{"line":85,"column":24},"end":{"line":88,"column":3}},"line":85},"8":{"name":"(anonymous_8)","decl":{"start":{"line":86,"column":53},"end":{"line":86,"column":54}},"loc":{"start":{"line":86,"column":58},"end":{"line":86,"column":82}},"line":86},"9":{"name":"(anonymous_9)","decl":{"start":{"line":93,"column":2},"end":{"line":93,"column":3}},"loc":{"start":{"line":93,"column":33},"end":{"line":115,"column":3}},"line":93},"10":{"name":"(anonymous_10)","decl":{"start":{"line":106,"column":30},"end":{"line":106,"column":31}},"loc":{"start":{"line":106,"column":38},"end":{"line":112,"column":7}},"line":106},"11":{"name":"(anonymous_11)","decl":{"start":{"line":117,"column":2},"end":{"line":117,"column":3}},"loc":{"start":{"line":117,"column":30},"end":{"line":140,"column":3}},"line":117},"12":{"name":"(anonymous_12)","decl":{"start":{"line":129,"column":40},"end":{"line":129,"column":41}},"loc":{"start":{"line":129,"column":47},"end":{"line":139,"column":5}},"line":129},"13":{"name":"(anonymous_13)","decl":{"start":{"line":143,"column":2},"end":{"line":143,"column":3}},"loc":{"start":{"line":143,"column":46},"end":{"line":205,"column":3}},"line":143},"14":{"name":"(anonymous_14)","decl":{"start":{"line":207,"column":2},"end":{"line":207,"column":3}},"loc":{"start":{"line":207,"column":24},"end":{"line":210,"column":3}},"line":207},"15":{"name":"(anonymous_15)","decl":{"start":{"line":215,"column":2},"end":{"line":215,"column":3}},"loc":{"start":{"line":215,"column":32},"end":{"line":242,"column":3}},"line":215},"16":{"name":"(anonymous_16)","decl":{"start":{"line":244,"column":2},"end":{"line":244,"column":3}},"loc":{"start":{"line":244,"column":32},"end":{"line":247,"column":3}},"line":244},"17":{"name":"(anonymous_17)","decl":{"start":{"line":249,"column":2},"end":{"line":249,"column":3}},"loc":{"start":{"line":249,"column":37},"end":{"line":253,"column":3}},"line":249},"18":{"name":"(anonymous_18)","decl":{"start":{"line":255,"column":2},"end":{"line":255,"column":3}},"loc":{"start":{"line":255,"column":31},"end":{"line":258,"column":3}},"line":255},"19":{"name":"(anonymous_19)","decl":{"start":{"line":260,"column":2},"end":{"line":260,"column":3}},"loc":{"start":{"line":260,"column":27},"end":{"line":264,"column":3}},"line":260},"20":{"name":"(anonymous_20)","decl":{"start":{"line":266,"column":2},"end":{"line":266,"column":3}},"loc":{"start":{"line":266,"column":32},"end":{"line":269,"column":3}},"line":266},"21":{"name":"(anonymous_21)","decl":{"start":{"line":271,"column":2},"end":{"line":271,"column":3}},"loc":{"start":{"line":271,"column":34},"end":{"line":274,"column":3}},"line":271},"22":{"name":"(anonymous_22)","decl":{"start":{"line":276,"column":2},"end":{"line":276,"column":3}},"loc":{"start":{"line":276,"column":31},"end":{"line":280,"column":3}},"line":276},"23":{"name":"(anonymous_23)","decl":{"start":{"line":278,"column":37},"end":{"line":278,"column":38}},"loc":{"start":{"line":278,"column":51},"end":{"line":278,"column":56}},"line":278},"24":{"name":"(anonymous_24)","decl":{"start":{"line":282,"column":2},"end":{"line":282,"column":3}},"loc":{"start":{"line":282,"column":29},"end":{"line":285,"column":3}},"line":282},"25":{"name":"(anonymous_25)","decl":{"start":{"line":287,"column":2},"end":{"line":287,"column":3}},"loc":{"start":{"line":287,"column":35},"end":{"line":293,"column":3}},"line":287},"26":{"name":"(anonymous_26)","decl":{"start":{"line":295,"column":2},"end":{"line":295,"column":3}},"loc":{"start":{"line":295,"column":40},"end":{"line":298,"column":3}},"line":295},"27":{"name":"(anonymous_27)","decl":{"start":{"line":300,"column":2},"end":{"line":300,"column":3}},"loc":{"start":{"line":300,"column":33},"end":{"line":303,"column":3}},"line":300},"28":{"name":"(anonymous_28)","decl":{"start":{"line":305,"column":2},"end":{"line":305,"column":3}},"loc":{"start":{"line":305,"column":31},"end":{"line":308,"column":3}},"line":305},"29":{"name":"(anonymous_29)","decl":{"start":{"line":310,"column":2},"end":{"line":310,"column":3}},"loc":{"start":{"line":310,"column":26},"end":{"line":313,"column":3}},"line":310},"30":{"name":"(anonymous_30)","decl":{"start":{"line":316,"column":2},"end":{"line":316,"column":3}},"loc":{"start":{"line":316,"column":51},"end":{"line":331,"column":3}},"line":316},"31":{"name":"(anonymous_31)","decl":{"start":{"line":321,"column":18},"end":{"line":321,"column":19}},"loc":{"start":{"line":321,"column":26},"end":{"line":330,"column":5}},"line":321}},"branchMap":{"0":{"loc":{"start":{"line":5,"column":2},"end":{"line":10,"column":3}},"type":"if","locations":[{"start":{"line":5,"column":2},"end":{"line":10,"column":3}},{"start":{"line":5,"column":2},"end":{"line":10,"column":3}}],"line":5},"1":{"loc":{"start":{"line":7,"column":11},"end":{"line":9,"column":34}},"type":"cond-expr","locations":[{"start":{"line":8,"column":8},"end":{"line":8,"column":26}},{"start":{"line":9,"column":8},"end":{"line":9,"column":34}}],"line":7},"2":{"loc":{"start":{"line":19,"column":2},"end":{"line":23,"column":3}},"type":"if","locations":[{"start":{"line":19,"column":2},"end":{"line":23,"column":3}},{"start":{"line":19,"column":2},"end":{"line":23,"column":3}}],"line":19},"3":{"loc":{"start":{"line":19,"column":6},"end":{"line":19,"column":46}},"type":"binary-expr","locations":[{"start":{"line":19,"column":6},"end":{"line":19,"column":24}},{"start":{"line":19,"column":28},"end":{"line":19,"column":46}}],"line":19},"4":{"loc":{"start":{"line":20,"column":11},"end":{"line":22,"column":46}},"type":"cond-expr","locations":[{"start":{"line":21,"column":8},"end":{"line":21,"column":46}},{"start":{"line":22,"column":8},"end":{"line":22,"column":46}}],"line":20},"5":{"loc":{"start":{"line":41,"column":4},"end":{"line":41,"column":13}},"type":"default-arg","locations":[{"start":{"line":41,"column":12},"end":{"line":41,"column":13}}],"line":41},"6":{"loc":{"start":{"line":44,"column":28},"end":{"line":44,"column":94}},"type":"cond-expr","locations":[{"start":{"line":44,"column":70},"end":{"line":44,"column":75}},{"start":{"line":44,"column":78},"end":{"line":44,"column":94}}],"line":44},"7":{"loc":{"start":{"line":45,"column":17},"end":{"line":45,"column":31}},"type":"binary-expr","locations":[{"start":{"line":45,"column":17},"end":{"line":45,"column":22}},{"start":{"line":45,"column":26},"end":{"line":45,"column":31}}],"line":45},"8":{"loc":{"start":{"line":48,"column":6},"end":{"line":48,"column":85}},"type":"cond-expr","locations":[{"start":{"line":48,"column":55},"end":{"line":48,"column":59}},{"start":{"line":48,"column":62},"end":{"line":48,"column":85}}],"line":48},"9":{"loc":{"start":{"line":50,"column":6},"end":{"line":50,"column":87}},"type":"cond-expr","locations":[{"start":{"line":50,"column":56},"end":{"line":50,"column":60}},{"start":{"line":50,"column":63},"end":{"line":50,"column":87}}],"line":50},"10":{"loc":{"start":{"line":54,"column":20},"end":{"line":54,"column":34}},"type":"binary-expr","locations":[{"start":{"line":54,"column":20},"end":{"line":54,"column":28}},{"start":{"line":54,"column":32},"end":{"line":54,"column":34}}],"line":54},"11":{"loc":{"start":{"line":60,"column":4},"end":{"line":63,"column":5}},"type":"if","locations":[{"start":{"line":60,"column":4},"end":{"line":63,"column":5}},{"start":{"line":60,"column":4},"end":{"line":63,"column":5}}],"line":60},"12":{"loc":{"start":{"line":86,"column":58},"end":{"line":86,"column":82}},"type":"binary-expr","locations":[{"start":{"line":86,"column":58},"end":{"line":86,"column":68}},{"start":{"line":86,"column":72},"end":{"line":86,"column":82}}],"line":86},"13":{"loc":{"start":{"line":97,"column":4},"end":{"line":97,"column":22}},"type":"if","locations":[{"start":{"line":97,"column":4},"end":{"line":97,"column":22}},{"start":{"line":97,"column":4},"end":{"line":97,"column":22}}],"line":97},"14":{"loc":{"start":{"line":105,"column":4},"end":{"line":114,"column":5}},"type":"if","locations":[{"start":{"line":105,"column":4},"end":{"line":114,"column":5}},{"start":{"line":105,"column":4},"end":{"line":114,"column":5}}],"line":105},"15":{"loc":{"start":{"line":107,"column":8},"end":{"line":111,"column":9}},"type":"if","locations":[{"start":{"line":107,"column":8},"end":{"line":111,"column":9}},{"start":{"line":107,"column":8},"end":{"line":111,"column":9}}],"line":107},"16":{"loc":{"start":{"line":119,"column":17},"end":{"line":119,"column":47}},"type":"binary-expr","locations":[{"start":{"line":119,"column":17},"end":{"line":119,"column":32}},{"start":{"line":119,"column":36},"end":{"line":119,"column":47}}],"line":119},"17":{"loc":{"start":{"line":123,"column":4},"end":{"line":128,"column":5}},"type":"if","locations":[{"start":{"line":123,"column":4},"end":{"line":128,"column":5}},{"start":{"line":123,"column":4},"end":{"line":128,"column":5}}],"line":123},"18":{"loc":{"start":{"line":125,"column":6},"end":{"line":127,"column":7}},"type":"if","locations":[{"start":{"line":125,"column":6},"end":{"line":127,"column":7}},{"start":{"line":125,"column":6},"end":{"line":127,"column":7}}],"line":125},"19":{"loc":{"start":{"line":131,"column":6},"end":{"line":137,"column":7}},"type":"if","locations":[{"start":{"line":131,"column":6},"end":{"line":137,"column":7}},{"start":{"line":131,"column":6},"end":{"line":137,"column":7}}],"line":131},"20":{"loc":{"start":{"line":132,"column":8},"end":{"line":134,"column":68}},"type":"binary-expr","locations":[{"start":{"line":132,"column":8},"end":{"line":132,"column":38}},{"start":{"line":133,"column":8},"end":{"line":133,"column":38}},{"start":{"line":134,"column":8},"end":{"line":134,"column":68}}],"line":132},"21":{"loc":{"start":{"line":144,"column":4},"end":{"line":203,"column":5}},"type":"if","locations":[{"start":{"line":144,"column":4},"end":{"line":203,"column":5}},{"start":{"line":144,"column":4},"end":{"line":203,"column":5}}],"line":144},"22":{"loc":{"start":{"line":155,"column":36},"end":{"line":161,"column":20}},"type":"cond-expr","locations":[{"start":{"line":156,"column":10},"end":{"line":156,"column":37}},{"start":{"line":157,"column":10},"end":{"line":161,"column":20}}],"line":155},"23":{"loc":{"start":{"line":157,"column":10},"end":{"line":161,"column":20}},"type":"cond-expr","locations":[{"start":{"line":158,"column":10},"end":{"line":158,"column":37}},{"start":{"line":159,"column":10},"end":{"line":161,"column":20}}],"line":157},"24":{"loc":{"start":{"line":159,"column":10},"end":{"line":161,"column":20}},"type":"cond-expr","locations":[{"start":{"line":160,"column":10},"end":{"line":160,"column":57}},{"start":{"line":161,"column":10},"end":{"line":161,"column":20}}],"line":159},"25":{"loc":{"start":{"line":159,"column":10},"end":{"line":159,"column":84}},"type":"binary-expr","locations":[{"start":{"line":159,"column":10},"end":{"line":159,"column":45}},{"start":{"line":159,"column":49},"end":{"line":159,"column":84}}],"line":159},"26":{"loc":{"start":{"line":167,"column":8},"end":{"line":172,"column":80}},"type":"cond-expr","locations":[{"start":{"line":168,"column":12},"end":{"line":171,"column":53}},{"start":{"line":172,"column":12},"end":{"line":172,"column":80}}],"line":167},"27":{"loc":{"start":{"line":168,"column":12},"end":{"line":171,"column":53}},"type":"cond-expr","locations":[{"start":{"line":169,"column":14},"end":{"line":170,"column":82}},{"start":{"line":171,"column":14},"end":{"line":171,"column":53}}],"line":168},"28":{"loc":{"start":{"line":169,"column":14},"end":{"line":170,"column":82}},"type":"binary-expr","locations":[{"start":{"line":169,"column":14},"end":{"line":169,"column":36}},{"start":{"line":170,"column":14},"end":{"line":170,"column":82}}],"line":169},"29":{"loc":{"start":{"line":179,"column":8},"end":{"line":183,"column":65}},"type":"cond-expr","locations":[{"start":{"line":182,"column":12},"end":{"line":182,"column":49}},{"start":{"line":183,"column":12},"end":{"line":183,"column":65}}],"line":179},"30":{"loc":{"start":{"line":179,"column":8},"end":{"line":181,"column":62}},"type":"binary-expr","locations":[{"start":{"line":179,"column":8},"end":{"line":179,"column":42}},{"start":{"line":180,"column":9},"end":{"line":180,"column":48}},{"start":{"line":181,"column":10},"end":{"line":181,"column":61}}],"line":179},"31":{"loc":{"start":{"line":185,"column":6},"end":{"line":202,"column":7}},"type":"if","locations":[{"start":{"line":185,"column":6},"end":{"line":202,"column":7}},{"start":{"line":185,"column":6},"end":{"line":202,"column":7}}],"line":185},"32":{"loc":{"start":{"line":188,"column":13},"end":{"line":202,"column":7}},"type":"if","locations":[{"start":{"line":188,"column":13},"end":{"line":202,"column":7}},{"start":{"line":188,"column":13},"end":{"line":202,"column":7}}],"line":188},"33":{"loc":{"start":{"line":193,"column":13},"end":{"line":202,"column":7}},"type":"if","locations":[{"start":{"line":193,"column":13},"end":{"line":202,"column":7}},{"start":{"line":193,"column":13},"end":{"line":202,"column":7}}],"line":193},"34":{"loc":{"start":{"line":195,"column":13},"end":{"line":202,"column":7}},"type":"if","locations":[{"start":{"line":195,"column":13},"end":{"line":202,"column":7}},{"start":{"line":195,"column":13},"end":{"line":202,"column":7}}],"line":195},"35":{"loc":{"start":{"line":197,"column":13},"end":{"line":202,"column":7}},"type":"if","locations":[{"start":{"line":197,"column":13},"end":{"line":202,"column":7}},{"start":{"line":197,"column":13},"end":{"line":202,"column":7}}],"line":197},"36":{"loc":{"start":{"line":199,"column":8},"end":{"line":201,"column":9}},"type":"if","locations":[{"start":{"line":199,"column":8},"end":{"line":201,"column":9}},{"start":{"line":199,"column":8},"end":{"line":201,"column":9}}],"line":199},"37":{"loc":{"start":{"line":217,"column":17},"end":{"line":217,"column":47}},"type":"binary-expr","locations":[{"start":{"line":217,"column":17},"end":{"line":217,"column":32}},{"start":{"line":217,"column":36},"end":{"line":217,"column":47}}],"line":217},"38":{"loc":{"start":{"line":219,"column":4},"end":{"line":219,"column":36}},"type":"if","locations":[{"start":{"line":219,"column":4},"end":{"line":219,"column":36}},{"start":{"line":219,"column":4},"end":{"line":219,"column":36}}],"line":219},"39":{"loc":{"start":{"line":221,"column":4},"end":{"line":241,"column":5}},"type":"if","locations":[{"start":{"line":221,"column":4},"end":{"line":241,"column":5}},{"start":{"line":221,"column":4},"end":{"line":241,"column":5}}],"line":221},"40":{"loc":{"start":{"line":223,"column":11},"end":{"line":241,"column":5}},"type":"if","locations":[{"start":{"line":223,"column":11},"end":{"line":241,"column":5}},{"start":{"line":223,"column":11},"end":{"line":241,"column":5}}],"line":223},"41":{"loc":{"start":{"line":223,"column":15},"end":{"line":223,"column":97}},"type":"binary-expr","locations":[{"start":{"line":223,"column":15},"end":{"line":223,"column":54}},{"start":{"line":223,"column":58},"end":{"line":223,"column":97}}],"line":223},"42":{"loc":{"start":{"line":230,"column":6},"end":{"line":240,"column":7}},"type":"if","locations":[{"start":{"line":230,"column":6},"end":{"line":240,"column":7}},{"start":{"line":230,"column":6},"end":{"line":240,"column":7}}],"line":230},"43":{"loc":{"start":{"line":233,"column":8},"end":{"line":239,"column":9}},"type":"if","locations":[{"start":{"line":233,"column":8},"end":{"line":239,"column":9}},{"start":{"line":233,"column":8},"end":{"line":239,"column":9}}],"line":233},"44":{"loc":{"start":{"line":290,"column":4},"end":{"line":292,"column":5}},"type":"if","locations":[{"start":{"line":290,"column":4},"end":{"line":292,"column":5}},{"start":{"line":290,"column":4},"end":{"line":292,"column":5}}],"line":290},"45":{"loc":{"start":{"line":317,"column":17},"end":{"line":317,"column":47}},"type":"binary-expr","locations":[{"start":{"line":317,"column":17},"end":{"line":317,"column":32}},{"start":{"line":317,"column":36},"end":{"line":317,"column":47}}],"line":317},"46":{"loc":{"start":{"line":322,"column":6},"end":{"line":322,"column":50}},"type":"if","locations":[{"start":{"line":322,"column":6},"end":{"line":322,"column":50}},{"start":{"line":322,"column":6},"end":{"line":322,"column":50}}],"line":322},"47":{"loc":{"start":{"line":323,"column":6},"end":{"line":329,"column":7}},"type":"if","locations":[{"start":{"line":323,"column":6},"end":{"line":329,"column":7}},{"start":{"line":323,"column":6},"end":{"line":329,"column":7}}],"line":323},"48":{"loc":{"start":{"line":324,"column":8},"end":{"line":325,"column":76}},"type":"binary-expr","locations":[{"start":{"line":324,"column":8},"end":{"line":324,"column":46}},{"start":{"line":325,"column":8},"end":{"line":325,"column":76}}],"line":324}},"s":{"0":84,"1":1,"2":1,"3":83,"4":45,"5":42,"6":3,"7":39,"8":39,"9":3,"10":42,"11":42,"12":42,"13":42,"14":42,"15":42,"16":42,"17":42,"18":42,"19":42,"20":42,"21":42,"22":931,"23":42,"24":931,"25":42,"26":42,"27":42,"28":42,"29":42,"30":42,"31":39,"32":109,"33":109,"34":0,"35":109,"36":109,"37":109,"38":109,"39":39,"40":43,"41":42,"42":1,"43":39,"44":216,"45":216,"46":216,"47":216,"48":216,"49":216,"50":130,"51":8,"52":216,"53":318,"54":318,"55":17,"56":301,"57":60,"58":43,"59":43,"60":43,"61":43,"62":43,"63":43,"64":1,"65":1,"66":42,"67":1,"68":1,"69":41,"70":4,"71":37,"72":2,"73":35,"74":3,"75":3,"76":2,"77":60,"78":55,"79":55,"80":205,"81":205,"82":205,"83":205,"84":1,"85":204,"86":1,"87":203,"88":8,"89":8,"90":4,"91":4,"92":4,"93":1,"94":1,"95":38,"96":38,"97":55,"98":55,"99":16,"100":16,"101":16,"102":6,"103":6,"104":81,"105":81,"106":0,"107":0,"108":0,"109":0,"110":1,"111":1,"112":56,"113":56,"114":56,"115":5,"116":1,"117":1,"118":39,"119":39,"120":1,"121":1,"122":2,"123":2,"124":317,"125":317,"126":317,"127":317,"128":455,"129":288,"130":167,"131":30},"f":{"0":84,"1":45,"2":42,"3":3,"4":42,"5":931,"6":42,"7":42,"8":39,"9":109,"10":43,"11":216,"12":318,"13":60,"14":55,"15":205,"16":1,"17":38,"18":55,"19":16,"20":6,"21":81,"22":0,"23":0,"24":1,"25":56,"26":1,"27":39,"28":1,"29":2,"30":317,"31":455},"b":{"0":[1,83],"1":[0,1],"2":[3,39],"3":[42,41],"4":[1,2],"5":[42],"6":[41,1],"7":[42,36],"8":[39,3],"9":[40,2],"10":[42,41],"11":[42,889],"12":[39,39],"13":[0,109],"14":[39,70],"15":[42,1],"16":[216,0],"17":[130,86],"18":[8,122],"19":[17,301],"20":[318,18,18],"21":[43,17],"22":[1,42],"23":[38,4],"24":[3,1],"25":[4,3],"26":[6,37],"27":[2,4],"28":[2,1],"29":[3,40],"30":[43,41,1],"31":[1,42],"32":[1,41],"33":[4,37],"34":[2,35],"35":[3,32],"36":[2,1],"37":[205,0],"38":[1,204],"39":[1,203],"40":[8,195],"41":[203,8],"42":[4,4],"43":[4,0],"44":[5,51],"45":[317,0],"46":[288,167],"47":[30,137],"48":[167,40]},"_coverageSchema":"43e27e138ebf9cfc5966b082cf9a028302ed4184","hash":"d8fb17922dd1c98cc2a104e263d7ada80e6e1e10"}
,"/Users/libowen/Desktop/Code/gitlab.prod.dtstack.cn/dt-insight-front/infrastructure/babel-plugin-treasure/src/index.js": {"path":"/Users/libowen/Desktop/Code/gitlab.prod.dtstack.cn/dt-insight-front/infrastructure/babel-plugin-treasure/src/index.js","statementMap":{"0":{"start":{"line":5,"column":16},"end":{"line":5,"column":20}},"1":{"start":{"line":11,"column":2},"end":{"line":13,"column":4}},"2":{"start":{"line":12,"column":4},"end":{"line":12,"column":19}},"3":{"start":{"line":20,"column":4},"end":{"line":24,"column":5}},"4":{"start":{"line":21,"column":6},"end":{"line":23,"column":7}},"5":{"start":{"line":22,"column":8},"end":{"line":22,"column":57}},"6":{"start":{"line":31,"column":18},"end":{"line":93,"column":3}},"7":{"start":{"line":33,"column":6},"end":{"line":86,"column":7}},"8":{"start":{"line":34,"column":8},"end":{"line":85,"column":9}},"9":{"start":{"line":35,"column":10},"end":{"line":67,"column":12}},"10":{"start":{"line":51,"column":14},"end":{"line":51,"column":68}},"11":{"start":{"line":52,"column":14},"end":{"line":65,"column":16}},"12":{"start":{"line":69,"column":10},"end":{"line":69,"column":69}},"13":{"start":{"line":70,"column":10},"end":{"line":84,"column":12}},"14":{"start":{"line":87,"column":6},"end":{"line":87,"column":53}},"15":{"start":{"line":91,"column":6},"end":{"line":91,"column":52}},"16":{"start":{"line":95,"column":18},"end":{"line":113,"column":3}},"17":{"start":{"line":115,"column":14},"end":{"line":117,"column":3}},"18":{"start":{"line":119,"column":2},"end":{"line":124,"column":3}},"19":{"start":{"line":120,"column":4},"end":{"line":123,"column":6}},"20":{"start":{"line":122,"column":6},"end":{"line":122,"column":52}},"21":{"start":{"line":126,"column":2},"end":{"line":126,"column":13}}},"fnMap":{"0":{"name":"(anonymous_0)","decl":{"start":{"line":4,"column":15},"end":{"line":4,"column":16}},"loc":{"start":{"line":4,"column":35},"end":{"line":127,"column":1}},"line":4},"1":{"name":"(anonymous_1)","decl":{"start":{"line":11,"column":38},"end":{"line":11,"column":39}},"loc":{"start":{"line":11,"column":44},"end":{"line":13,"column":3}},"line":11},"2":{"name":"applyInstance","decl":{"start":{"line":18,"column":11},"end":{"line":18,"column":24}},"loc":{"start":{"line":18,"column":48},"end":{"line":25,"column":3}},"line":18},"3":{"name":"(anonymous_3)","decl":{"start":{"line":32,"column":4},"end":{"line":32,"column":5}},"loc":{"start":{"line":32,"column":31},"end":{"line":88,"column":5}},"line":32},"4":{"name":"(anonymous_4)","decl":{"start":{"line":36,"column":12},"end":{"line":36,"column":13}},"loc":{"start":{"line":50,"column":17},"end":{"line":66,"column":13}},"line":50},"5":{"name":"(anonymous_5)","decl":{"start":{"line":89,"column":4},"end":{"line":89,"column":5}},"loc":{"start":{"line":89,"column":11},"end":{"line":92,"column":5}},"line":89},"6":{"name":"(anonymous_6)","decl":{"start":{"line":120,"column":26},"end":{"line":120,"column":27}},"loc":{"start":{"line":120,"column":37},"end":{"line":123,"column":5}},"line":120}},"branchMap":{"0":{"loc":{"start":{"line":21,"column":6},"end":{"line":23,"column":7}},"type":"if","locations":[{"start":{"line":21,"column":6},"end":{"line":23,"column":7}},{"start":{"line":21,"column":6},"end":{"line":23,"column":7}}],"line":21},"1":{"loc":{"start":{"line":32,"column":18},"end":{"line":32,"column":27}},"type":"default-arg","locations":[{"start":{"line":32,"column":25},"end":{"line":32,"column":27}}],"line":32},"2":{"loc":{"start":{"line":33,"column":6},"end":{"line":86,"column":7}},"type":"if","locations":[{"start":{"line":33,"column":6},"end":{"line":86,"column":7}},{"start":{"line":33,"column":6},"end":{"line":86,"column":7}}],"line":33},"3":{"loc":{"start":{"line":34,"column":8},"end":{"line":85,"column":9}},"type":"if","locations":[{"start":{"line":34,"column":8},"end":{"line":85,"column":9}},{"start":{"line":34,"column":8},"end":{"line":85,"column":9}}],"line":34}},"s":{"0":42,"1":42,"2":40,"3":966,"4":966,"5":966,"6":42,"7":42,"8":42,"9":0,"10":0,"11":0,"12":42,"13":42,"14":42,"15":42,"16":42,"17":42,"18":42,"19":714,"20":882,"21":42},"f":{"0":42,"1":40,"2":966,"3":42,"4":0,"5":42,"6":882},"b":{"0":[966,0],"1":[0],"2":[42,0],"3":[0,42]},"_coverageSchema":"43e27e138ebf9cfc5966b082cf9a028302ed4184","hash":"b465d3625ffe4fda36b54b7ab0652a345b82d0a3"}
}
