{"/Users/libowen/Desktop/Code/gitlab.prod.dtstack.cn/dt-insight-front/infrastructure/babel-plugin-treasure/src/Plugin.js": {"path":"/Users/libowen/Desktop/Code/gitlab.prod.dtstack.cn/dt-insight-front/infrastructure/babel-plugin-treasure/src/Plugin.js","statementMap":{"0":{"start":{"line":5,"column":2},"end":{"line":10,"column":3}},"1":{"start":{"line":6,"column":31},"end":{"line":6,"column":56}},"2":{"start":{"line":7,"column":4},"end":{"line":9,"column":35}},"3":{"start":{"line":11,"column":2},"end":{"line":11,"column":26}},"4":{"start":{"line":15,"column":2},"end":{"line":15,"column":35}},"5":{"start":{"line":19,"column":2},"end":{"line":23,"column":3}},"6":{"start":{"line":20,"column":4},"end":{"line":22,"column":47}},"7":{"start":{"line":24,"column":14},"end":{"line":24,"column":52}},"8":{"start":{"line":25,"column":2},"end":{"line":25,"column":72}},"9":{"start":{"line":25,"column":40},"end":{"line":25,"column":70}},"10":{"start":{"line":43,"column":4},"end":{"line":43,"column":35}},"11":{"start":{"line":44,"column":4},"end":{"line":44,"column":95}},"12":{"start":{"line":45,"column":4},"end":{"line":45,"column":32}},"13":{"start":{"line":46,"column":4},"end":{"line":46,"column":55}},"14":{"start":{"line":47,"column":4},"end":{"line":48,"column":86}},"15":{"start":{"line":49,"column":4},"end":{"line":50,"column":88}},"16":{"start":{"line":51,"column":4},"end":{"line":51,"column":54}},"17":{"start":{"line":52,"column":4},"end":{"line":52,"column":64}},"18":{"start":{"line":53,"column":4},"end":{"line":53,"column":69}},"19":{"start":{"line":54,"column":4},"end":{"line":54,"column":35}},"20":{"start":{"line":55,"column":4},"end":{"line":55,"column":23}},"21":{"start":{"line":56,"column":4},"end":{"line":56,"column":54}},"22":{"start":{"line":60,"column":4},"end":{"line":63,"column":5}},"23":{"start":{"line":62,"column":6},"end":{"line":62,"column":38}},"24":{"start":{"line":64,"column":4},"end":{"line":64,"column":38}},"25":{"start":{"line":68,"column":24},"end":{"line":68,"column":50}},"26":{"start":{"line":69,"column":4},"end":{"line":69,"column":48}},"27":{"start":{"line":70,"column":4},"end":{"line":70,"column":50}},"28":{"start":{"line":71,"column":4},"end":{"line":71,"column":54}},"29":{"start":{"line":72,"column":4},"end":{"line":72,"column":35}},"30":{"start":{"line":86,"column":4},"end":{"line":86,"column":84}},"31":{"start":{"line":86,"column":58},"end":{"line":86,"column":82}},"32":{"start":{"line":94,"column":21},"end":{"line":94,"column":25}},"33":{"start":{"line":97,"column":4},"end":{"line":97,"column":22}},"34":{"start":{"line":97,"column":15},"end":{"line":97,"column":22}},"35":{"start":{"line":101,"column":8},"end":{"line":101,"column":12}},"36":{"start":{"line":102,"column":35},"end":{"line":102,"column":39}},"37":{"start":{"line":103,"column":24},"end":{"line":103,"column":50}},"38":{"start":{"line":105,"column":4},"end":{"line":114,"column":5}},"39":{"start":{"line":106,"column":6},"end":{"line":112,"column":9}},"40":{"start":{"line":107,"column":8},"end":{"line":111,"column":9}},"41":{"start":{"line":108,"column":10},"end":{"line":108,"column":70}},"42":{"start":{"line":110,"column":10},"end":{"line":110,"column":58}},"43":{"start":{"line":113,"column":6},"end":{"line":113,"column":43}},"44":{"start":{"line":118,"column":21},"end":{"line":118,"column":25}},"45":{"start":{"line":119,"column":17},"end":{"line":119,"column":47}},"46":{"start":{"line":120,"column":21},"end":{"line":120,"column":32}},"47":{"start":{"line":121,"column":22},"end":{"line":121,"column":26}},"48":{"start":{"line":122,"column":24},"end":{"line":122,"column":50}},"49":{"start":{"line":123,"column":4},"end":{"line":128,"column":5}},"50":{"start":{"line":125,"column":6},"end":{"line":127,"column":7}},"51":{"start":{"line":126,"column":8},"end":{"line":126,"column":88}},"52":{"start":{"line":129,"column":4},"end":{"line":139,"column":7}},"53":{"start":{"line":130,"column":32},"end":{"line":130,"column":35}},"54":{"start":{"line":131,"column":6},"end":{"line":137,"column":7}},"55":{"start":{"line":136,"column":8},"end":{"line":136,"column":84}},"56":{"start":{"line":138,"column":6},"end":{"line":138,"column":17}},"57":{"start":{"line":144,"column":4},"end":{"line":201,"column":5}},"58":{"start":{"line":154,"column":10},"end":{"line":154,"column":14}},"59":{"start":{"line":155,"column":36},"end":{"line":161,"column":20}},"60":{"start":{"line":166,"column":19},"end":{"line":173,"column":7}},"61":{"start":{"line":177,"column":6},"end":{"line":182,"column":66}},"62":{"start":{"line":183,"column":6},"end":{"line":200,"column":7}},"63":{"start":{"line":184,"column":26},"end":{"line":184,"column":78}},"64":{"start":{"line":185,"column":8},"end":{"line":185,"column":49}},"65":{"start":{"line":186,"column":13},"end":{"line":200,"column":7}},"66":{"start":{"line":187,"column":26},"end":{"line":189,"column":9}},"67":{"start":{"line":190,"column":8},"end":{"line":190,"column":49}},"68":{"start":{"line":191,"column":13},"end":{"line":200,"column":7}},"69":{"start":{"line":192,"column":8},"end":{"line":192,"column":50}},"70":{"start":{"line":193,"column":13},"end":{"line":200,"column":7}},"71":{"start":{"line":194,"column":8},"end":{"line":194,"column":54}},"72":{"start":{"line":195,"column":13},"end":{"line":200,"column":7}},"73":{"start":{"line":196,"column":26},"end":{"line":196,"column":43}},"74":{"start":{"line":197,"column":8},"end":{"line":199,"column":9}},"75":{"start":{"line":198,"column":10},"end":{"line":198,"column":46}},"76":{"start":{"line":202,"column":4},"end":{"line":202,"column":58}},"77":{"start":{"line":206,"column":21},"end":{"line":206,"column":25}},"78":{"start":{"line":207,"column":4},"end":{"line":207,"column":62}},"79":{"start":{"line":214,"column":21},"end":{"line":214,"column":25}},"80":{"start":{"line":215,"column":17},"end":{"line":215,"column":47}},"81":{"start":{"line":216,"column":24},"end":{"line":216,"column":50}},"82":{"start":{"line":217,"column":4},"end":{"line":217,"column":36}},"83":{"start":{"line":217,"column":29},"end":{"line":217,"column":36}},"84":{"start":{"line":219,"column":4},"end":{"line":239,"column":5}},"85":{"start":{"line":220,"column":6},"end":{"line":220,"column":81}},"86":{"start":{"line":221,"column":11},"end":{"line":239,"column":5}},"87":{"start":{"line":222,"column":24},"end":{"line":222,"column":63}},"88":{"start":{"line":228,"column":6},"end":{"line":238,"column":7}},"89":{"start":{"line":230,"column":26},"end":{"line":230,"column":65}},"90":{"start":{"line":231,"column":8},"end":{"line":237,"column":9}},"91":{"start":{"line":232,"column":10},"end":{"line":236,"column":12}},"92":{"start":{"line":243,"column":21},"end":{"line":243,"column":25}},"93":{"start":{"line":244,"column":4},"end":{"line":244,"column":67}},"94":{"start":{"line":249,"column":21},"end":{"line":249,"column":25}},"95":{"start":{"line":250,"column":4},"end":{"line":250,"column":88}},"96":{"start":{"line":254,"column":21},"end":{"line":254,"column":25}},"97":{"start":{"line":255,"column":4},"end":{"line":255,"column":65}},"98":{"start":{"line":259,"column":21},"end":{"line":259,"column":25}},"99":{"start":{"line":260,"column":4},"end":{"line":260,"column":61}},"100":{"start":{"line":261,"column":4},"end":{"line":261,"column":75}},"101":{"start":{"line":265,"column":21},"end":{"line":265,"column":25}},"102":{"start":{"line":266,"column":4},"end":{"line":266,"column":70}},"103":{"start":{"line":270,"column":21},"end":{"line":270,"column":25}},"104":{"start":{"line":271,"column":4},"end":{"line":271,"column":61}},"105":{"start":{"line":275,"column":21},"end":{"line":275,"column":25}},"106":{"start":{"line":276,"column":18},"end":{"line":276,"column":57}},"107":{"start":{"line":276,"column":51},"end":{"line":276,"column":56}},"108":{"start":{"line":277,"column":4},"end":{"line":277,"column":67}},"109":{"start":{"line":281,"column":21},"end":{"line":281,"column":25}},"110":{"start":{"line":282,"column":4},"end":{"line":282,"column":76}},"111":{"start":{"line":286,"column":21},"end":{"line":286,"column":25}},"112":{"start":{"line":287,"column":22},"end":{"line":287,"column":26}},"113":{"start":{"line":288,"column":4},"end":{"line":290,"column":5}},"114":{"start":{"line":289,"column":6},"end":{"line":289,"column":75}},"115":{"start":{"line":294,"column":21},"end":{"line":294,"column":25}},"116":{"start":{"line":295,"column":4},"end":{"line":295,"column":68}},"117":{"start":{"line":299,"column":21},"end":{"line":299,"column":25}},"118":{"start":{"line":300,"column":4},"end":{"line":300,"column":70}},"119":{"start":{"line":304,"column":21},"end":{"line":304,"column":25}},"120":{"start":{"line":305,"column":4},"end":{"line":305,"column":69}},"121":{"start":{"line":309,"column":21},"end":{"line":309,"column":25}},"122":{"start":{"line":310,"column":4},"end":{"line":310,"column":61}},"123":{"start":{"line":315,"column":17},"end":{"line":315,"column":47}},"124":{"start":{"line":316,"column":22},"end":{"line":316,"column":26}},"125":{"start":{"line":317,"column":24},"end":{"line":317,"column":50}},"126":{"start":{"line":319,"column":4},"end":{"line":328,"column":7}},"127":{"start":{"line":320,"column":6},"end":{"line":320,"column":50}},"128":{"start":{"line":320,"column":43},"end":{"line":320,"column":50}},"129":{"start":{"line":321,"column":6},"end":{"line":327,"column":7}},"130":{"start":{"line":326,"column":8},"end":{"line":326,"column":98}}},"fnMap":{"0":{"name":"normalizeCustomName","decl":{"start":{"line":4,"column":9},"end":{"line":4,"column":28}},"loc":{"start":{"line":4,"column":47},"end":{"line":12,"column":1}},"line":4},"1":{"name":"winPath","decl":{"start":{"line":14,"column":9},"end":{"line":14,"column":16}},"loc":{"start":{"line":14,"column":23},"end":{"line":16,"column":1}},"line":14},"2":{"name":"transCamel","decl":{"start":{"line":18,"column":9},"end":{"line":18,"column":19}},"loc":{"start":{"line":18,"column":34},"end":{"line":26,"column":1}},"line":18},"3":{"name":"(anonymous_3)","decl":{"start":{"line":25,"column":34},"end":{"line":25,"column":35}},"loc":{"start":{"line":25,"column":40},"end":{"line":25,"column":70}},"line":25},"4":{"name":"(anonymous_4)","decl":{"start":{"line":29,"column":2},"end":{"line":29,"column":3}},"loc":{"start":{"line":42,"column":4},"end":{"line":57,"column":3}},"line":42},"5":{"name":"(anonymous_5)","decl":{"start":{"line":59,"column":2},"end":{"line":59,"column":3}},"loc":{"start":{"line":59,"column":24},"end":{"line":65,"column":3}},"line":59},"6":{"name":"(anonymous_6)","decl":{"start":{"line":67,"column":2},"end":{"line":67,"column":3}},"loc":{"start":{"line":67,"column":25},"end":{"line":83,"column":3}},"line":67},"7":{"name":"(anonymous_7)","decl":{"start":{"line":85,"column":2},"end":{"line":85,"column":3}},"loc":{"start":{"line":85,"column":24},"end":{"line":88,"column":3}},"line":85},"8":{"name":"(anonymous_8)","decl":{"start":{"line":86,"column":53},"end":{"line":86,"column":54}},"loc":{"start":{"line":86,"column":58},"end":{"line":86,"column":82}},"line":86},"9":{"name":"(anonymous_9)","decl":{"start":{"line":93,"column":2},"end":{"line":93,"column":3}},"loc":{"start":{"line":93,"column":33},"end":{"line":115,"column":3}},"line":93},"10":{"name":"(anonymous_10)","decl":{"start":{"line":106,"column":30},"end":{"line":106,"column":31}},"loc":{"start":{"line":106,"column":38},"end":{"line":112,"column":7}},"line":106},"11":{"name":"(anonymous_11)","decl":{"start":{"line":117,"column":2},"end":{"line":117,"column":3}},"loc":{"start":{"line":117,"column":30},"end":{"line":140,"column":3}},"line":117},"12":{"name":"(anonymous_12)","decl":{"start":{"line":129,"column":40},"end":{"line":129,"column":41}},"loc":{"start":{"line":129,"column":47},"end":{"line":139,"column":5}},"line":129},"13":{"name":"(anonymous_13)","decl":{"start":{"line":143,"column":2},"end":{"line":143,"column":3}},"loc":{"start":{"line":143,"column":46},"end":{"line":203,"column":3}},"line":143},"14":{"name":"(anonymous_14)","decl":{"start":{"line":205,"column":2},"end":{"line":205,"column":3}},"loc":{"start":{"line":205,"column":24},"end":{"line":208,"column":3}},"line":205},"15":{"name":"(anonymous_15)","decl":{"start":{"line":213,"column":2},"end":{"line":213,"column":3}},"loc":{"start":{"line":213,"column":32},"end":{"line":240,"column":3}},"line":213},"16":{"name":"(anonymous_16)","decl":{"start":{"line":242,"column":2},"end":{"line":242,"column":3}},"loc":{"start":{"line":242,"column":32},"end":{"line":245,"column":3}},"line":242},"17":{"name":"(anonymous_17)","decl":{"start":{"line":247,"column":2},"end":{"line":247,"column":3}},"loc":{"start":{"line":247,"column":37},"end":{"line":251,"column":3}},"line":247},"18":{"name":"(anonymous_18)","decl":{"start":{"line":253,"column":2},"end":{"line":253,"column":3}},"loc":{"start":{"line":253,"column":31},"end":{"line":256,"column":3}},"line":253},"19":{"name":"(anonymous_19)","decl":{"start":{"line":258,"column":2},"end":{"line":258,"column":3}},"loc":{"start":{"line":258,"column":27},"end":{"line":262,"column":3}},"line":258},"20":{"name":"(anonymous_20)","decl":{"start":{"line":264,"column":2},"end":{"line":264,"column":3}},"loc":{"start":{"line":264,"column":32},"end":{"line":267,"column":3}},"line":264},"21":{"name":"(anonymous_21)","decl":{"start":{"line":269,"column":2},"end":{"line":269,"column":3}},"loc":{"start":{"line":269,"column":34},"end":{"line":272,"column":3}},"line":269},"22":{"name":"(anonymous_22)","decl":{"start":{"line":274,"column":2},"end":{"line":274,"column":3}},"loc":{"start":{"line":274,"column":31},"end":{"line":278,"column":3}},"line":274},"23":{"name":"(anonymous_23)","decl":{"start":{"line":276,"column":37},"end":{"line":276,"column":38}},"loc":{"start":{"line":276,"column":51},"end":{"line":276,"column":56}},"line":276},"24":{"name":"(anonymous_24)","decl":{"start":{"line":280,"column":2},"end":{"line":280,"column":3}},"loc":{"start":{"line":280,"column":29},"end":{"line":283,"column":3}},"line":280},"25":{"name":"(anonymous_25)","decl":{"start":{"line":285,"column":2},"end":{"line":285,"column":3}},"loc":{"start":{"line":285,"column":35},"end":{"line":291,"column":3}},"line":285},"26":{"name":"(anonymous_26)","decl":{"start":{"line":293,"column":2},"end":{"line":293,"column":3}},"loc":{"start":{"line":293,"column":40},"end":{"line":296,"column":3}},"line":293},"27":{"name":"(anonymous_27)","decl":{"start":{"line":298,"column":2},"end":{"line":298,"column":3}},"loc":{"start":{"line":298,"column":33},"end":{"line":301,"column":3}},"line":298},"28":{"name":"(anonymous_28)","decl":{"start":{"line":303,"column":2},"end":{"line":303,"column":3}},"loc":{"start":{"line":303,"column":31},"end":{"line":306,"column":3}},"line":303},"29":{"name":"(anonymous_29)","decl":{"start":{"line":308,"column":2},"end":{"line":308,"column":3}},"loc":{"start":{"line":308,"column":26},"end":{"line":311,"column":3}},"line":308},"30":{"name":"(anonymous_30)","decl":{"start":{"line":314,"column":2},"end":{"line":314,"column":3}},"loc":{"start":{"line":314,"column":51},"end":{"line":329,"column":3}},"line":314},"31":{"name":"(anonymous_31)","decl":{"start":{"line":319,"column":18},"end":{"line":319,"column":19}},"loc":{"start":{"line":319,"column":26},"end":{"line":328,"column":5}},"line":319}},"branchMap":{"0":{"loc":{"start":{"line":5,"column":2},"end":{"line":10,"column":3}},"type":"if","locations":[{"start":{"line":5,"column":2},"end":{"line":10,"column":3}},{"start":{"line":5,"column":2},"end":{"line":10,"column":3}}],"line":5},"1":{"loc":{"start":{"line":7,"column":11},"end":{"line":9,"column":34}},"type":"cond-expr","locations":[{"start":{"line":8,"column":8},"end":{"line":8,"column":26}},{"start":{"line":9,"column":8},"end":{"line":9,"column":34}}],"line":7},"2":{"loc":{"start":{"line":19,"column":2},"end":{"line":23,"column":3}},"type":"if","locations":[{"start":{"line":19,"column":2},"end":{"line":23,"column":3}},{"start":{"line":19,"column":2},"end":{"line":23,"column":3}}],"line":19},"3":{"loc":{"start":{"line":19,"column":6},"end":{"line":19,"column":46}},"type":"binary-expr","locations":[{"start":{"line":19,"column":6},"end":{"line":19,"column":24}},{"start":{"line":19,"column":28},"end":{"line":19,"column":46}}],"line":19},"4":{"loc":{"start":{"line":20,"column":11},"end":{"line":22,"column":46}},"type":"cond-expr","locations":[{"start":{"line":21,"column":8},"end":{"line":21,"column":46}},{"start":{"line":22,"column":8},"end":{"line":22,"column":46}}],"line":20},"5":{"loc":{"start":{"line":41,"column":4},"end":{"line":41,"column":13}},"type":"default-arg","locations":[{"start":{"line":41,"column":12},"end":{"line":41,"column":13}}],"line":41},"6":{"loc":{"start":{"line":44,"column":28},"end":{"line":44,"column":94}},"type":"cond-expr","locations":[{"start":{"line":44,"column":70},"end":{"line":44,"column":75}},{"start":{"line":44,"column":78},"end":{"line":44,"column":94}}],"line":44},"7":{"loc":{"start":{"line":45,"column":17},"end":{"line":45,"column":31}},"type":"binary-expr","locations":[{"start":{"line":45,"column":17},"end":{"line":45,"column":22}},{"start":{"line":45,"column":26},"end":{"line":45,"column":31}}],"line":45},"8":{"loc":{"start":{"line":48,"column":6},"end":{"line":48,"column":85}},"type":"cond-expr","locations":[{"start":{"line":48,"column":55},"end":{"line":48,"column":59}},{"start":{"line":48,"column":62},"end":{"line":48,"column":85}}],"line":48},"9":{"loc":{"start":{"line":50,"column":6},"end":{"line":50,"column":87}},"type":"cond-expr","locations":[{"start":{"line":50,"column":56},"end":{"line":50,"column":60}},{"start":{"line":50,"column":63},"end":{"line":50,"column":87}}],"line":50},"10":{"loc":{"start":{"line":54,"column":20},"end":{"line":54,"column":34}},"type":"binary-expr","locations":[{"start":{"line":54,"column":20},"end":{"line":54,"column":28}},{"start":{"line":54,"column":32},"end":{"line":54,"column":34}}],"line":54},"11":{"loc":{"start":{"line":60,"column":4},"end":{"line":63,"column":5}},"type":"if","locations":[{"start":{"line":60,"column":4},"end":{"line":63,"column":5}},{"start":{"line":60,"column":4},"end":{"line":63,"column":5}}],"line":60},"12":{"loc":{"start":{"line":86,"column":58},"end":{"line":86,"column":82}},"type":"binary-expr","locations":[{"start":{"line":86,"column":58},"end":{"line":86,"column":68}},{"start":{"line":86,"column":72},"end":{"line":86,"column":82}}],"line":86},"13":{"loc":{"start":{"line":97,"column":4},"end":{"line":97,"column":22}},"type":"if","locations":[{"start":{"line":97,"column":4},"end":{"line":97,"column":22}},{"start":{"line":97,"column":4},"end":{"line":97,"column":22}}],"line":97},"14":{"loc":{"start":{"line":105,"column":4},"end":{"line":114,"column":5}},"type":"if","locations":[{"start":{"line":105,"column":4},"end":{"line":114,"column":5}},{"start":{"line":105,"column":4},"end":{"line":114,"column":5}}],"line":105},"15":{"loc":{"start":{"line":107,"column":8},"end":{"line":111,"column":9}},"type":"if","locations":[{"start":{"line":107,"column":8},"end":{"line":111,"column":9}},{"start":{"line":107,"column":8},"end":{"line":111,"column":9}}],"line":107},"16":{"loc":{"start":{"line":119,"column":17},"end":{"line":119,"column":47}},"type":"binary-expr","locations":[{"start":{"line":119,"column":17},"end":{"line":119,"column":32}},{"start":{"line":119,"column":36},"end":{"line":119,"column":47}}],"line":119},"17":{"loc":{"start":{"line":123,"column":4},"end":{"line":128,"column":5}},"type":"if","locations":[{"start":{"line":123,"column":4},"end":{"line":128,"column":5}},{"start":{"line":123,"column":4},"end":{"line":128,"column":5}}],"line":123},"18":{"loc":{"start":{"line":125,"column":6},"end":{"line":127,"column":7}},"type":"if","locations":[{"start":{"line":125,"column":6},"end":{"line":127,"column":7}},{"start":{"line":125,"column":6},"end":{"line":127,"column":7}}],"line":125},"19":{"loc":{"start":{"line":131,"column":6},"end":{"line":137,"column":7}},"type":"if","locations":[{"start":{"line":131,"column":6},"end":{"line":137,"column":7}},{"start":{"line":131,"column":6},"end":{"line":137,"column":7}}],"line":131},"20":{"loc":{"start":{"line":132,"column":8},"end":{"line":134,"column":68}},"type":"binary-expr","locations":[{"start":{"line":132,"column":8},"end":{"line":132,"column":38}},{"start":{"line":133,"column":8},"end":{"line":133,"column":38}},{"start":{"line":134,"column":8},"end":{"line":134,"column":68}}],"line":132},"21":{"loc":{"start":{"line":144,"column":4},"end":{"line":201,"column":5}},"type":"if","locations":[{"start":{"line":144,"column":4},"end":{"line":201,"column":5}},{"start":{"line":144,"column":4},"end":{"line":201,"column":5}}],"line":144},"22":{"loc":{"start":{"line":155,"column":36},"end":{"line":161,"column":20}},"type":"cond-expr","locations":[{"start":{"line":156,"column":10},"end":{"line":156,"column":37}},{"start":{"line":157,"column":10},"end":{"line":161,"column":20}}],"line":155},"23":{"loc":{"start":{"line":157,"column":10},"end":{"line":161,"column":20}},"type":"cond-expr","locations":[{"start":{"line":158,"column":10},"end":{"line":158,"column":37}},{"start":{"line":159,"column":10},"end":{"line":161,"column":20}}],"line":157},"24":{"loc":{"start":{"line":159,"column":10},"end":{"line":161,"column":20}},"type":"cond-expr","locations":[{"start":{"line":160,"column":10},"end":{"line":160,"column":57}},{"start":{"line":161,"column":10},"end":{"line":161,"column":20}}],"line":159},"25":{"loc":{"start":{"line":159,"column":10},"end":{"line":159,"column":84}},"type":"binary-expr","locations":[{"start":{"line":159,"column":10},"end":{"line":159,"column":45}},{"start":{"line":159,"column":49},"end":{"line":159,"column":84}}],"line":159},"26":{"loc":{"start":{"line":167,"column":8},"end":{"line":172,"column":80}},"type":"cond-expr","locations":[{"start":{"line":168,"column":12},"end":{"line":171,"column":53}},{"start":{"line":172,"column":12},"end":{"line":172,"column":80}}],"line":167},"27":{"loc":{"start":{"line":168,"column":12},"end":{"line":171,"column":53}},"type":"cond-expr","locations":[{"start":{"line":169,"column":14},"end":{"line":170,"column":82}},{"start":{"line":171,"column":14},"end":{"line":171,"column":53}}],"line":168},"28":{"loc":{"start":{"line":169,"column":14},"end":{"line":170,"column":82}},"type":"binary-expr","locations":[{"start":{"line":169,"column":14},"end":{"line":169,"column":36}},{"start":{"line":170,"column":14},"end":{"line":170,"column":82}}],"line":169},"29":{"loc":{"start":{"line":178,"column":8},"end":{"line":182,"column":65}},"type":"cond-expr","locations":[{"start":{"line":181,"column":12},"end":{"line":181,"column":49}},{"start":{"line":182,"column":12},"end":{"line":182,"column":65}}],"line":178},"30":{"loc":{"start":{"line":178,"column":8},"end":{"line":180,"column":62}},"type":"binary-expr","locations":[{"start":{"line":178,"column":8},"end":{"line":178,"column":42}},{"start":{"line":179,"column":9},"end":{"line":179,"column":48}},{"start":{"line":180,"column":10},"end":{"line":180,"column":61}}],"line":178},"31":{"loc":{"start":{"line":183,"column":6},"end":{"line":200,"column":7}},"type":"if","locations":[{"start":{"line":183,"column":6},"end":{"line":200,"column":7}},{"start":{"line":183,"column":6},"end":{"line":200,"column":7}}],"line":183},"32":{"loc":{"start":{"line":186,"column":13},"end":{"line":200,"column":7}},"type":"if","locations":[{"start":{"line":186,"column":13},"end":{"line":200,"column":7}},{"start":{"line":186,"column":13},"end":{"line":200,"column":7}}],"line":186},"33":{"loc":{"start":{"line":191,"column":13},"end":{"line":200,"column":7}},"type":"if","locations":[{"start":{"line":191,"column":13},"end":{"line":200,"column":7}},{"start":{"line":191,"column":13},"end":{"line":200,"column":7}}],"line":191},"34":{"loc":{"start":{"line":193,"column":13},"end":{"line":200,"column":7}},"type":"if","locations":[{"start":{"line":193,"column":13},"end":{"line":200,"column":7}},{"start":{"line":193,"column":13},"end":{"line":200,"column":7}}],"line":193},"35":{"loc":{"start":{"line":195,"column":13},"end":{"line":200,"column":7}},"type":"if","locations":[{"start":{"line":195,"column":13},"end":{"line":200,"column":7}},{"start":{"line":195,"column":13},"end":{"line":200,"column":7}}],"line":195},"36":{"loc":{"start":{"line":197,"column":8},"end":{"line":199,"column":9}},"type":"if","locations":[{"start":{"line":197,"column":8},"end":{"line":199,"column":9}},{"start":{"line":197,"column":8},"end":{"line":199,"column":9}}],"line":197},"37":{"loc":{"start":{"line":215,"column":17},"end":{"line":215,"column":47}},"type":"binary-expr","locations":[{"start":{"line":215,"column":17},"end":{"line":215,"column":32}},{"start":{"line":215,"column":36},"end":{"line":215,"column":47}}],"line":215},"38":{"loc":{"start":{"line":217,"column":4},"end":{"line":217,"column":36}},"type":"if","locations":[{"start":{"line":217,"column":4},"end":{"line":217,"column":36}},{"start":{"line":217,"column":4},"end":{"line":217,"column":36}}],"line":217},"39":{"loc":{"start":{"line":219,"column":4},"end":{"line":239,"column":5}},"type":"if","locations":[{"start":{"line":219,"column":4},"end":{"line":239,"column":5}},{"start":{"line":219,"column":4},"end":{"line":239,"column":5}}],"line":219},"40":{"loc":{"start":{"line":221,"column":11},"end":{"line":239,"column":5}},"type":"if","locations":[{"start":{"line":221,"column":11},"end":{"line":239,"column":5}},{"start":{"line":221,"column":11},"end":{"line":239,"column":5}}],"line":221},"41":{"loc":{"start":{"line":221,"column":15},"end":{"line":221,"column":97}},"type":"binary-expr","locations":[{"start":{"line":221,"column":15},"end":{"line":221,"column":54}},{"start":{"line":221,"column":58},"end":{"line":221,"column":97}}],"line":221},"42":{"loc":{"start":{"line":228,"column":6},"end":{"line":238,"column":7}},"type":"if","locations":[{"start":{"line":228,"column":6},"end":{"line":238,"column":7}},{"start":{"line":228,"column":6},"end":{"line":238,"column":7}}],"line":228},"43":{"loc":{"start":{"line":231,"column":8},"end":{"line":237,"column":9}},"type":"if","locations":[{"start":{"line":231,"column":8},"end":{"line":237,"column":9}},{"start":{"line":231,"column":8},"end":{"line":237,"column":9}}],"line":231},"44":{"loc":{"start":{"line":288,"column":4},"end":{"line":290,"column":5}},"type":"if","locations":[{"start":{"line":288,"column":4},"end":{"line":290,"column":5}},{"start":{"line":288,"column":4},"end":{"line":290,"column":5}}],"line":288},"45":{"loc":{"start":{"line":315,"column":17},"end":{"line":315,"column":47}},"type":"binary-expr","locations":[{"start":{"line":315,"column":17},"end":{"line":315,"column":32}},{"start":{"line":315,"column":36},"end":{"line":315,"column":47}}],"line":315},"46":{"loc":{"start":{"line":320,"column":6},"end":{"line":320,"column":50}},"type":"if","locations":[{"start":{"line":320,"column":6},"end":{"line":320,"column":50}},{"start":{"line":320,"column":6},"end":{"line":320,"column":50}}],"line":320},"47":{"loc":{"start":{"line":321,"column":6},"end":{"line":327,"column":7}},"type":"if","locations":[{"start":{"line":321,"column":6},"end":{"line":327,"column":7}},{"start":{"line":321,"column":6},"end":{"line":327,"column":7}}],"line":321},"48":{"loc":{"start":{"line":322,"column":8},"end":{"line":323,"column":76}},"type":"binary-expr","locations":[{"start":{"line":322,"column":8},"end":{"line":322,"column":46}},{"start":{"line":323,"column":8},"end":{"line":323,"column":76}}],"line":322}},"s":{"0":84,"1":1,"2":1,"3":83,"4":46,"5":43,"6":3,"7":40,"8":40,"9":3,"10":42,"11":42,"12":42,"13":42,"14":42,"15":42,"16":42,"17":42,"18":42,"19":42,"20":42,"21":42,"22":952,"23":42,"24":952,"25":42,"26":42,"27":42,"28":42,"29":42,"30":42,"31":40,"32":111,"33":111,"34":0,"35":111,"36":111,"37":111,"38":111,"39":40,"40":44,"41":43,"42":1,"43":40,"44":219,"45":219,"46":219,"47":219,"48":219,"49":219,"50":132,"51":8,"52":219,"53":321,"54":321,"55":17,"56":304,"57":63,"58":44,"59":44,"60":44,"61":44,"62":44,"63":1,"64":1,"65":43,"66":1,"67":1,"68":42,"69":4,"70":38,"71":2,"72":36,"73":3,"74":3,"75":2,"76":63,"77":57,"78":57,"79":210,"80":210,"81":210,"82":210,"83":2,"84":208,"85":1,"86":207,"87":8,"88":8,"89":4,"90":4,"91":4,"92":1,"93":1,"94":39,"95":39,"96":56,"97":56,"98":16,"99":16,"100":16,"101":6,"102":6,"103":84,"104":84,"105":3,"106":3,"107":3,"108":3,"109":1,"110":1,"111":57,"112":57,"113":57,"114":5,"115":1,"116":1,"117":40,"118":40,"119":1,"120":1,"121":2,"122":2,"123":328,"124":328,"125":328,"126":328,"127":469,"128":296,"129":173,"130":33},"f":{"0":84,"1":46,"2":43,"3":3,"4":42,"5":952,"6":42,"7":42,"8":40,"9":111,"10":44,"11":219,"12":321,"13":63,"14":57,"15":210,"16":1,"17":39,"18":56,"19":16,"20":6,"21":84,"22":3,"23":3,"24":1,"25":57,"26":1,"27":40,"28":1,"29":2,"30":328,"31":469},"b":{"0":[1,83],"1":[0,1],"2":[3,40],"3":[43,42],"4":[1,2],"5":[42],"6":[41,1],"7":[42,36],"8":[39,3],"9":[40,2],"10":[42,41],"11":[42,910],"12":[40,40],"13":[0,111],"14":[40,71],"15":[43,1],"16":[219,0],"17":[132,87],"18":[8,124],"19":[17,304],"20":[321,18,18],"21":[44,19],"22":[1,43],"23":[39,4],"24":[3,1],"25":[4,3],"26":[6,38],"27":[2,4],"28":[2,1],"29":[3,41],"30":[44,42,1],"31":[1,43],"32":[1,42],"33":[4,38],"34":[2,36],"35":[3,33],"36":[2,1],"37":[210,0],"38":[2,208],"39":[1,207],"40":[8,199],"41":[207,8],"42":[4,4],"43":[4,0],"44":[5,52],"45":[328,0],"46":[296,173],"47":[33,140],"48":[173,43]},"_coverageSchema":"43e27e138ebf9cfc5966b082cf9a028302ed4184","hash":"091e5cf83419d59b2170d033db452bdea1d9f539"}
,"/Users/libowen/Desktop/Code/gitlab.prod.dtstack.cn/dt-insight-front/infrastructure/babel-plugin-treasure/src/index.js": {"path":"/Users/libowen/Desktop/Code/gitlab.prod.dtstack.cn/dt-insight-front/infrastructure/babel-plugin-treasure/src/index.js","statementMap":{"0":{"start":{"line":5,"column":16},"end":{"line":5,"column":20}},"1":{"start":{"line":11,"column":2},"end":{"line":13,"column":4}},"2":{"start":{"line":12,"column":4},"end":{"line":12,"column":19}},"3":{"start":{"line":20,"column":4},"end":{"line":24,"column":5}},"4":{"start":{"line":21,"column":6},"end":{"line":23,"column":7}},"5":{"start":{"line":22,"column":8},"end":{"line":22,"column":57}},"6":{"start":{"line":31,"column":18},"end":{"line":93,"column":3}},"7":{"start":{"line":33,"column":6},"end":{"line":86,"column":7}},"8":{"start":{"line":34,"column":8},"end":{"line":85,"column":9}},"9":{"start":{"line":35,"column":10},"end":{"line":67,"column":12}},"10":{"start":{"line":51,"column":14},"end":{"line":51,"column":68}},"11":{"start":{"line":52,"column":14},"end":{"line":65,"column":16}},"12":{"start":{"line":69,"column":10},"end":{"line":69,"column":69}},"13":{"start":{"line":70,"column":10},"end":{"line":84,"column":12}},"14":{"start":{"line":87,"column":6},"end":{"line":87,"column":53}},"15":{"start":{"line":91,"column":6},"end":{"line":91,"column":52}},"16":{"start":{"line":95,"column":18},"end":{"line":113,"column":3}},"17":{"start":{"line":115,"column":14},"end":{"line":117,"column":3}},"18":{"start":{"line":119,"column":2},"end":{"line":124,"column":3}},"19":{"start":{"line":120,"column":4},"end":{"line":123,"column":6}},"20":{"start":{"line":122,"column":6},"end":{"line":122,"column":52}},"21":{"start":{"line":126,"column":2},"end":{"line":126,"column":13}}},"fnMap":{"0":{"name":"(anonymous_0)","decl":{"start":{"line":4,"column":15},"end":{"line":4,"column":16}},"loc":{"start":{"line":4,"column":35},"end":{"line":127,"column":1}},"line":4},"1":{"name":"(anonymous_1)","decl":{"start":{"line":11,"column":38},"end":{"line":11,"column":39}},"loc":{"start":{"line":11,"column":44},"end":{"line":13,"column":3}},"line":11},"2":{"name":"applyInstance","decl":{"start":{"line":18,"column":11},"end":{"line":18,"column":24}},"loc":{"start":{"line":18,"column":48},"end":{"line":25,"column":3}},"line":18},"3":{"name":"(anonymous_3)","decl":{"start":{"line":32,"column":4},"end":{"line":32,"column":5}},"loc":{"start":{"line":32,"column":31},"end":{"line":88,"column":5}},"line":32},"4":{"name":"(anonymous_4)","decl":{"start":{"line":36,"column":12},"end":{"line":36,"column":13}},"loc":{"start":{"line":50,"column":17},"end":{"line":66,"column":13}},"line":50},"5":{"name":"(anonymous_5)","decl":{"start":{"line":89,"column":4},"end":{"line":89,"column":5}},"loc":{"start":{"line":89,"column":11},"end":{"line":92,"column":5}},"line":89},"6":{"name":"(anonymous_6)","decl":{"start":{"line":120,"column":26},"end":{"line":120,"column":27}},"loc":{"start":{"line":120,"column":37},"end":{"line":123,"column":5}},"line":120}},"branchMap":{"0":{"loc":{"start":{"line":21,"column":6},"end":{"line":23,"column":7}},"type":"if","locations":[{"start":{"line":21,"column":6},"end":{"line":23,"column":7}},{"start":{"line":21,"column":6},"end":{"line":23,"column":7}}],"line":21},"1":{"loc":{"start":{"line":32,"column":18},"end":{"line":32,"column":27}},"type":"default-arg","locations":[{"start":{"line":32,"column":25},"end":{"line":32,"column":27}}],"line":32},"2":{"loc":{"start":{"line":33,"column":6},"end":{"line":86,"column":7}},"type":"if","locations":[{"start":{"line":33,"column":6},"end":{"line":86,"column":7}},{"start":{"line":33,"column":6},"end":{"line":86,"column":7}}],"line":33},"3":{"loc":{"start":{"line":34,"column":8},"end":{"line":85,"column":9}},"type":"if","locations":[{"start":{"line":34,"column":8},"end":{"line":85,"column":9}},{"start":{"line":34,"column":8},"end":{"line":85,"column":9}}],"line":34}},"s":{"0":42,"1":42,"2":40,"3":988,"4":988,"5":988,"6":42,"7":42,"8":42,"9":0,"10":0,"11":0,"12":42,"13":42,"14":42,"15":42,"16":42,"17":42,"18":42,"19":714,"20":904,"21":42},"f":{"0":42,"1":40,"2":988,"3":42,"4":0,"5":42,"6":904},"b":{"0":[988,0],"1":[0],"2":[42,0],"3":[0,42]},"_coverageSchema":"43e27e138ebf9cfc5966b082cf9a028302ed4184","hash":"b465d3625ffe4fda36b54b7ab0652a345b82d0a3"}
}
