TN:
SF:/Users/libowen/Desktop/Code/gitlab.prod.dtstack.cn/dt-insight-front/infrastructure/babel-plugin-treasure/src/Plugin.js
FN:4,normalizeCustomName
FN:14,winPath
FN:18,transCamel
FN:25,(anonymous_3)
FN:29,(anonymous_4)
FN:59,(anonymous_5)
FN:67,(anonymous_6)
FN:85,(anonymous_7)
FN:86,(anonymous_8)
FN:93,(anonymous_9)
FN:106,(anonymous_10)
FN:117,(anonymous_11)
FN:129,(anonymous_12)
FN:143,(anonymous_13)
FN:207,(anonymous_14)
FN:215,(anonymous_15)
FN:244,(anonymous_16)
FN:249,(anonymous_17)
FN:255,(anonymous_18)
FN:260,(anonymous_19)
FN:266,(anonymous_20)
FN:271,(anonymous_21)
FN:276,(anonymous_22)
FN:278,(anonymous_23)
FN:282,(anonymous_24)
FN:287,(anonymous_25)
FN:295,(anonymous_26)
FN:300,(anonymous_27)
FN:305,(anonymous_28)
FN:310,(anonymous_29)
FN:316,(anonymous_30)
FN:321,(anonymous_31)
FNF:32
FNH:30
FNDA:84,normalizeCustomName
FNDA:45,winPath
FNDA:42,transCamel
FNDA:3,(anonymous_3)
FNDA:42,(anonymous_4)
FNDA:931,(anonymous_5)
FNDA:42,(anonymous_6)
FNDA:42,(anonymous_7)
FNDA:39,(anonymous_8)
FNDA:109,(anonymous_9)
FNDA:43,(anonymous_10)
FNDA:216,(anonymous_11)
FNDA:318,(anonymous_12)
FNDA:60,(anonymous_13)
FNDA:55,(anonymous_14)
FNDA:205,(anonymous_15)
FNDA:1,(anonymous_16)
FNDA:38,(anonymous_17)
FNDA:55,(anonymous_18)
FNDA:16,(anonymous_19)
FNDA:6,(anonymous_20)
FNDA:81,(anonymous_21)
FNDA:0,(anonymous_22)
FNDA:0,(anonymous_23)
FNDA:1,(anonymous_24)
FNDA:56,(anonymous_25)
FNDA:1,(anonymous_26)
FNDA:39,(anonymous_27)
FNDA:1,(anonymous_28)
FNDA:2,(anonymous_29)
FNDA:317,(anonymous_30)
FNDA:455,(anonymous_31)
DA:5,84
DA:6,1
DA:7,1
DA:11,83
DA:15,45
DA:19,42
DA:20,3
DA:24,39
DA:25,39
DA:43,42
DA:44,42
DA:45,42
DA:46,42
DA:47,42
DA:49,42
DA:51,42
DA:52,42
DA:53,42
DA:54,42
DA:55,42
DA:56,42
DA:60,931
DA:62,42
DA:64,931
DA:68,42
DA:69,42
DA:70,42
DA:71,42
DA:72,42
DA:86,42
DA:94,109
DA:97,109
DA:101,109
DA:102,109
DA:103,109
DA:105,109
DA:106,39
DA:107,43
DA:108,42
DA:110,1
DA:113,39
DA:118,216
DA:119,216
DA:120,216
DA:121,216
DA:122,216
DA:123,216
DA:125,130
DA:126,8
DA:129,216
DA:130,318
DA:131,318
DA:136,17
DA:138,301
DA:144,60
DA:154,43
DA:155,43
DA:166,43
DA:174,43
DA:178,43
DA:185,43
DA:186,1
DA:187,1
DA:188,42
DA:189,1
DA:192,1
DA:193,41
DA:194,4
DA:195,37
DA:196,2
DA:197,35
DA:198,3
DA:199,3
DA:200,2
DA:204,60
DA:208,55
DA:209,55
DA:216,205
DA:217,205
DA:218,205
DA:219,205
DA:221,204
DA:222,1
DA:223,203
DA:224,8
DA:230,8
DA:232,4
DA:233,4
DA:234,4
DA:245,1
DA:246,1
DA:251,38
DA:252,38
DA:256,55
DA:257,55
DA:261,16
DA:262,16
DA:263,16
DA:267,6
DA:268,6
DA:272,81
DA:273,81
DA:277,0
DA:278,0
DA:279,0
DA:283,1
DA:284,1
DA:288,56
DA:289,56
DA:290,56
DA:291,5
DA:296,1
DA:297,1
DA:301,39
DA:302,39
DA:306,1
DA:307,1
DA:311,2
DA:312,2
DA:317,317
DA:318,317
DA:319,317
DA:321,317
DA:322,455
DA:323,167
DA:328,30
LF:126
LH:123
BRDA:5,0,0,1
BRDA:5,0,1,83
BRDA:7,1,0,0
BRDA:7,1,1,1
BRDA:19,2,0,3
BRDA:19,2,1,39
BRDA:19,3,0,42
BRDA:19,3,1,41
BRDA:20,4,0,1
BRDA:20,4,1,2
BRDA:41,5,0,42
BRDA:44,6,0,41
BRDA:44,6,1,1
BRDA:45,7,0,42
BRDA:45,7,1,36
BRDA:48,8,0,39
BRDA:48,8,1,3
BRDA:50,9,0,40
BRDA:50,9,1,2
BRDA:54,10,0,42
BRDA:54,10,1,41
BRDA:60,11,0,42
BRDA:60,11,1,889
BRDA:86,12,0,39
BRDA:86,12,1,39
BRDA:97,13,0,0
BRDA:97,13,1,109
BRDA:105,14,0,39
BRDA:105,14,1,70
BRDA:107,15,0,42
BRDA:107,15,1,1
BRDA:119,16,0,216
BRDA:119,16,1,0
BRDA:123,17,0,130
BRDA:123,17,1,86
BRDA:125,18,0,8
BRDA:125,18,1,122
BRDA:131,19,0,17
BRDA:131,19,1,301
BRDA:132,20,0,318
BRDA:132,20,1,18
BRDA:132,20,2,18
BRDA:144,21,0,43
BRDA:144,21,1,17
BRDA:155,22,0,1
BRDA:155,22,1,42
BRDA:157,23,0,38
BRDA:157,23,1,4
BRDA:159,24,0,3
BRDA:159,24,1,1
BRDA:159,25,0,4
BRDA:159,25,1,3
BRDA:167,26,0,6
BRDA:167,26,1,37
BRDA:168,27,0,2
BRDA:168,27,1,4
BRDA:169,28,0,2
BRDA:169,28,1,1
BRDA:179,29,0,3
BRDA:179,29,1,40
BRDA:179,30,0,43
BRDA:179,30,1,41
BRDA:179,30,2,1
BRDA:185,31,0,1
BRDA:185,31,1,42
BRDA:188,32,0,1
BRDA:188,32,1,41
BRDA:193,33,0,4
BRDA:193,33,1,37
BRDA:195,34,0,2
BRDA:195,34,1,35
BRDA:197,35,0,3
BRDA:197,35,1,32
BRDA:199,36,0,2
BRDA:199,36,1,1
BRDA:217,37,0,205
BRDA:217,37,1,0
BRDA:219,38,0,1
BRDA:219,38,1,204
BRDA:221,39,0,1
BRDA:221,39,1,203
BRDA:223,40,0,8
BRDA:223,40,1,195
BRDA:223,41,0,203
BRDA:223,41,1,8
BRDA:230,42,0,4
BRDA:230,42,1,4
BRDA:233,43,0,4
BRDA:233,43,1,0
BRDA:290,44,0,5
BRDA:290,44,1,51
BRDA:317,45,0,317
BRDA:317,45,1,0
BRDA:322,46,0,288
BRDA:322,46,1,167
BRDA:323,47,0,30
BRDA:323,47,1,137
BRDA:324,48,0,167
BRDA:324,48,1,40
BRF:99
BRH:93
end_of_record
TN:
SF:/Users/libowen/Desktop/Code/gitlab.prod.dtstack.cn/dt-insight-front/infrastructure/babel-plugin-treasure/src/index.js
FN:4,(anonymous_0)
FN:11,(anonymous_1)
FN:18,applyInstance
FN:32,(anonymous_3)
FN:36,(anonymous_4)
FN:89,(anonymous_5)
FN:120,(anonymous_6)
FNF:7
FNH:6
FNDA:42,(anonymous_0)
FNDA:40,(anonymous_1)
FNDA:966,applyInstance
FNDA:42,(anonymous_3)
FNDA:0,(anonymous_4)
FNDA:42,(anonymous_5)
FNDA:882,(anonymous_6)
DA:5,42
DA:11,42
DA:12,40
DA:20,966
DA:21,966
DA:22,966
DA:31,42
DA:33,42
DA:34,42
DA:35,0
DA:51,0
DA:52,0
DA:69,42
DA:70,42
DA:87,42
DA:91,42
DA:95,42
DA:115,42
DA:119,42
DA:120,714
DA:122,882
DA:126,42
LF:22
LH:19
BRDA:21,0,0,966
BRDA:21,0,1,0
BRDA:32,1,0,0
BRDA:33,2,0,42
BRDA:33,2,1,0
BRDA:34,3,0,0
BRDA:34,3,1,42
BRF:7
BRH:3
end_of_record
