TN:
SF:/Users/libowen/Desktop/Code/gitlab.prod.dtstack.cn/dt-insight-front/infrastructure/babel-plugin-treasure/src/Plugin.js
FN:4,normalizeCustomName
FN:14,winPath
FN:18,transCamel
FN:25,(anonymous_3)
FN:29,(anonymous_4)
FN:59,(anonymous_5)
FN:67,(anonymous_6)
FN:85,(anonymous_7)
FN:86,(anonymous_8)
FN:93,(anonymous_9)
FN:106,(anonymous_10)
FN:117,(anonymous_11)
FN:129,(anonymous_12)
FN:143,(anonymous_13)
FN:205,(anonymous_14)
FN:213,(anonymous_15)
FN:242,(anonymous_16)
FN:247,(anonymous_17)
FN:253,(anonymous_18)
FN:258,(anonymous_19)
FN:264,(anonymous_20)
FN:269,(anonymous_21)
FN:274,(anonymous_22)
FN:276,(anonymous_23)
FN:280,(anonymous_24)
FN:285,(anonymous_25)
FN:293,(anonymous_26)
FN:298,(anonymous_27)
FN:303,(anonymous_28)
FN:308,(anonymous_29)
FN:314,(anonymous_30)
FN:319,(anonymous_31)
FNF:32
FNH:32
FNDA:84,normalizeCustomName
FNDA:46,winPath
FNDA:43,transCamel
FNDA:3,(anonymous_3)
FNDA:42,(anonymous_4)
FNDA:952,(anonymous_5)
FNDA:42,(anonymous_6)
FNDA:42,(anonymous_7)
FNDA:40,(anonymous_8)
FNDA:111,(anonymous_9)
FNDA:44,(anonymous_10)
FNDA:219,(anonymous_11)
FNDA:321,(anonymous_12)
FNDA:63,(anonymous_13)
FNDA:57,(anonymous_14)
FNDA:210,(anonymous_15)
FNDA:1,(anonymous_16)
FNDA:39,(anonymous_17)
FNDA:56,(anonymous_18)
FNDA:16,(anonymous_19)
FNDA:6,(anonymous_20)
FNDA:84,(anonymous_21)
FNDA:3,(anonymous_22)
FNDA:3,(anonymous_23)
FNDA:1,(anonymous_24)
FNDA:57,(anonymous_25)
FNDA:1,(anonymous_26)
FNDA:40,(anonymous_27)
FNDA:1,(anonymous_28)
FNDA:2,(anonymous_29)
FNDA:328,(anonymous_30)
FNDA:469,(anonymous_31)
DA:5,84
DA:6,1
DA:7,1
DA:11,83
DA:15,46
DA:19,43
DA:20,3
DA:24,40
DA:25,40
DA:43,42
DA:44,42
DA:45,42
DA:46,42
DA:47,42
DA:49,42
DA:51,42
DA:52,42
DA:53,42
DA:54,42
DA:55,42
DA:56,42
DA:60,952
DA:62,42
DA:64,952
DA:68,42
DA:69,42
DA:70,42
DA:71,42
DA:72,42
DA:86,42
DA:94,111
DA:97,111
DA:101,111
DA:102,111
DA:103,111
DA:105,111
DA:106,40
DA:107,44
DA:108,43
DA:110,1
DA:113,40
DA:118,219
DA:119,219
DA:120,219
DA:121,219
DA:122,219
DA:123,219
DA:125,132
DA:126,8
DA:129,219
DA:130,321
DA:131,321
DA:136,17
DA:138,304
DA:144,63
DA:154,44
DA:155,44
DA:166,44
DA:177,44
DA:183,44
DA:184,1
DA:185,1
DA:186,43
DA:187,1
DA:190,1
DA:191,42
DA:192,4
DA:193,38
DA:194,2
DA:195,36
DA:196,3
DA:197,3
DA:198,2
DA:202,63
DA:206,57
DA:207,57
DA:214,210
DA:215,210
DA:216,210
DA:217,210
DA:219,208
DA:220,1
DA:221,207
DA:222,8
DA:228,8
DA:230,4
DA:231,4
DA:232,4
DA:243,1
DA:244,1
DA:249,39
DA:250,39
DA:254,56
DA:255,56
DA:259,16
DA:260,16
DA:261,16
DA:265,6
DA:266,6
DA:270,84
DA:271,84
DA:275,3
DA:276,3
DA:277,3
DA:281,1
DA:282,1
DA:286,57
DA:287,57
DA:288,57
DA:289,5
DA:294,1
DA:295,1
DA:299,40
DA:300,40
DA:304,1
DA:305,1
DA:309,2
DA:310,2
DA:315,328
DA:316,328
DA:317,328
DA:319,328
DA:320,469
DA:321,173
DA:326,33
LF:125
LH:125
BRDA:5,0,0,1
BRDA:5,0,1,83
BRDA:7,1,0,0
BRDA:7,1,1,1
BRDA:19,2,0,3
BRDA:19,2,1,40
BRDA:19,3,0,43
BRDA:19,3,1,42
BRDA:20,4,0,1
BRDA:20,4,1,2
BRDA:41,5,0,42
BRDA:44,6,0,41
BRDA:44,6,1,1
BRDA:45,7,0,42
BRDA:45,7,1,36
BRDA:48,8,0,39
BRDA:48,8,1,3
BRDA:50,9,0,40
BRDA:50,9,1,2
BRDA:54,10,0,42
BRDA:54,10,1,41
BRDA:60,11,0,42
BRDA:60,11,1,910
BRDA:86,12,0,40
BRDA:86,12,1,40
BRDA:97,13,0,0
BRDA:97,13,1,111
BRDA:105,14,0,40
BRDA:105,14,1,71
BRDA:107,15,0,43
BRDA:107,15,1,1
BRDA:119,16,0,219
BRDA:119,16,1,0
BRDA:123,17,0,132
BRDA:123,17,1,87
BRDA:125,18,0,8
BRDA:125,18,1,124
BRDA:131,19,0,17
BRDA:131,19,1,304
BRDA:132,20,0,321
BRDA:132,20,1,18
BRDA:132,20,2,18
BRDA:144,21,0,44
BRDA:144,21,1,19
BRDA:155,22,0,1
BRDA:155,22,1,43
BRDA:157,23,0,39
BRDA:157,23,1,4
BRDA:159,24,0,3
BRDA:159,24,1,1
BRDA:159,25,0,4
BRDA:159,25,1,3
BRDA:167,26,0,6
BRDA:167,26,1,38
BRDA:168,27,0,2
BRDA:168,27,1,4
BRDA:169,28,0,2
BRDA:169,28,1,1
BRDA:178,29,0,3
BRDA:178,29,1,41
BRDA:178,30,0,44
BRDA:178,30,1,42
BRDA:178,30,2,1
BRDA:183,31,0,1
BRDA:183,31,1,43
BRDA:186,32,0,1
BRDA:186,32,1,42
BRDA:191,33,0,4
BRDA:191,33,1,38
BRDA:193,34,0,2
BRDA:193,34,1,36
BRDA:195,35,0,3
BRDA:195,35,1,33
BRDA:197,36,0,2
BRDA:197,36,1,1
BRDA:215,37,0,210
BRDA:215,37,1,0
BRDA:217,38,0,2
BRDA:217,38,1,208
BRDA:219,39,0,1
BRDA:219,39,1,207
BRDA:221,40,0,8
BRDA:221,40,1,199
BRDA:221,41,0,207
BRDA:221,41,1,8
BRDA:228,42,0,4
BRDA:228,42,1,4
BRDA:231,43,0,4
BRDA:231,43,1,0
BRDA:288,44,0,5
BRDA:288,44,1,52
BRDA:315,45,0,328
BRDA:315,45,1,0
BRDA:320,46,0,296
BRDA:320,46,1,173
BRDA:321,47,0,33
BRDA:321,47,1,140
BRDA:322,48,0,173
BRDA:322,48,1,43
BRF:99
BRH:93
end_of_record
TN:
SF:/Users/libowen/Desktop/Code/gitlab.prod.dtstack.cn/dt-insight-front/infrastructure/babel-plugin-treasure/src/index.js
FN:4,(anonymous_0)
FN:11,(anonymous_1)
FN:18,applyInstance
FN:32,(anonymous_3)
FN:36,(anonymous_4)
FN:89,(anonymous_5)
FN:120,(anonymous_6)
FNF:7
FNH:6
FNDA:42,(anonymous_0)
FNDA:40,(anonymous_1)
FNDA:988,applyInstance
FNDA:42,(anonymous_3)
FNDA:0,(anonymous_4)
FNDA:42,(anonymous_5)
FNDA:904,(anonymous_6)
DA:5,42
DA:11,42
DA:12,40
DA:20,988
DA:21,988
DA:22,988
DA:31,42
DA:33,42
DA:34,42
DA:35,0
DA:51,0
DA:52,0
DA:69,42
DA:70,42
DA:87,42
DA:91,42
DA:95,42
DA:115,42
DA:119,42
DA:120,714
DA:122,904
DA:126,42
LF:22
LH:19
BRDA:21,0,0,988
BRDA:21,0,1,0
BRDA:32,1,0,0
BRDA:33,2,0,42
BRDA:33,2,1,0
BRDA:34,3,0,0
BRDA:34,3,1,42
BRF:7
BRH:3
end_of_record
